Mensaje I / 00:00:00:000 / Root(00) para top(01)
Mensaje I / 00:00:00:000 / top(01) para idle(02)
Mensaje I / 00:00:00:000 / top(01) para checkingpin(03)
Mensaje I / 00:00:00:000 / top(01) para selectingtransaction(04)
Mensaje I / 00:00:00:000 / top(01) para withdrawing(05)
Mensaje I / 00:00:00:000 / top(01) para inputingamount(06)
Mensaje I / 00:00:00:000 / top(01) para confirming(07)
Mensaje I / 00:00:00:000 / top(01) para withdrawaldone(08)
Mensaje I / 00:00:00:000 / top(01) para depositing(09)
Mensaje I / 00:00:00:000 / top(01) para insertingmoney(10)
Mensaje I / 00:00:00:000 / top(01) para depositdone(11)
Mensaje D / 00:00:00:000 / idle(02) / ... para top(01)
Mensaje D / 00:00:00:000 / checkingpin(03) / ... para top(01)
Mensaje D / 00:00:00:000 / selectingtransaction(04) / ... para top(01)
Mensaje D / 00:00:00:000 / withdrawing(05) / ... para top(01)
Mensaje D / 00:00:00:000 / inputingamount(06) / ... para top(01)
Mensaje D / 00:00:00:000 / confirming(07) / ... para top(01)
Mensaje D / 00:00:00:000 / withdrawaldone(08) / ... para top(01)
Mensaje D / 00:00:00:000 / depositing(09) / ... para top(01)
Mensaje D / 00:00:00:000 / insertingmoney(10) / ... para top(01)
Mensaje D / 00:00:00:000 / depositdone(11) / ... para top(01)
Mensaje D / 00:00:00:000 / top(01) / ... para Root(00)
Mensaje X / 00:00:00:010 / Root(00) / in /      0.00000 para top(01)
Mensaje X / 00:00:00:010 / top(01) / eventin /      0.00000 para idle(02)
Mensaje X / 00:00:00:010 / top(01) / eventin /      0.00000 para checkingpin(03)
Mensaje X / 00:00:00:010 / top(01) / eventin /      0.00000 para selectingtransaction(04)
Mensaje X / 00:00:00:010 / top(01) / eventin /      0.00000 para withdrawing(05)
Mensaje X / 00:00:00:010 / top(01) / eventin /      0.00000 para inputingamount(06)
Mensaje X / 00:00:00:010 / top(01) / eventin /      0.00000 para confirming(07)
Mensaje X / 00:00:00:010 / top(01) / eventin /      0.00000 para withdrawaldone(08)
Mensaje X / 00:00:00:010 / top(01) / eventin /      0.00000 para depositing(09)
Mensaje X / 00:00:00:010 / top(01) / eventin /      0.00000 para insertingmoney(10)
Mensaje X / 00:00:00:010 / top(01) / eventin /      0.00000 para depositdone(11)
Mensaje D / 00:00:00:010 / idle(02) / 00:00:00:000 para top(01)
Mensaje D / 00:00:00:010 / checkingpin(03) / ... para top(01)
Mensaje D / 00:00:00:010 / selectingtransaction(04) / ... para top(01)
Mensaje D / 00:00:00:010 / withdrawing(05) / ... para top(01)
Mensaje D / 00:00:00:010 / inputingamount(06) / ... para top(01)
Mensaje D / 00:00:00:010 / confirming(07) / ... para top(01)
Mensaje D / 00:00:00:010 / withdrawaldone(08) / ... para top(01)
Mensaje D / 00:00:00:010 / depositing(09) / ... para top(01)
Mensaje D / 00:00:00:010 / insertingmoney(10) / ... para top(01)
Mensaje D / 00:00:00:010 / depositdone(11) / ... para top(01)
Mensaje D / 00:00:00:010 / top(01) / 00:00:00:000 para Root(00)
Mensaje * / 00:00:00:010 / Root(00) para top(01)
Mensaje * / 00:00:00:010 / top(01) para idle(02)
Mensaje Y / 00:00:00:010 / idle(02) / transitionout /      1.00000 para top(01)
Mensaje D / 00:00:00:010 / idle(02) / ... para top(01)
Mensaje X / 00:00:00:010 / top(01) / transitionin /      1.00000 para idle(02)
Mensaje X / 00:00:00:010 / top(01) / transitionin /      1.00000 para checkingpin(03)
Mensaje D / 00:00:00:010 / idle(02) / ... para top(01)
Mensaje D / 00:00:00:010 / checkingpin(03) / 00:00:00:000 para top(01)
Mensaje D / 00:00:00:010 / top(01) / 00:00:00:000 para Root(00)
Mensaje * / 00:00:00:010 / Root(00) para top(01)
Mensaje * / 00:00:00:010 / top(01) para checkingpin(03)
Mensaje Y / 00:00:00:010 / checkingpin(03) / stateout /      1.00000 para top(01)
Mensaje D / 00:00:00:010 / checkingpin(03) / ... para top(01)
Mensaje Y / 00:00:00:010 / top(01) / checkingpin /      1.00000 para Root(00)
Mensaje D / 00:00:00:010 / top(01) / ... para Root(00)
Mensaje X / 00:00:00:020 / Root(00) / in /      0.00000 para top(01)
Mensaje X / 00:00:00:020 / top(01) / eventin /      0.00000 para idle(02)
Mensaje X / 00:00:00:020 / top(01) / eventin /      0.00000 para checkingpin(03)
Mensaje X / 00:00:00:020 / top(01) / eventin /      0.00000 para selectingtransaction(04)
Mensaje X / 00:00:00:020 / top(01) / eventin /      0.00000 para withdrawing(05)
Mensaje X / 00:00:00:020 / top(01) / eventin /      0.00000 para inputingamount(06)
Mensaje X / 00:00:00:020 / top(01) / eventin /      0.00000 para confirming(07)
Mensaje X / 00:00:00:020 / top(01) / eventin /      0.00000 para withdrawaldone(08)
Mensaje X / 00:00:00:020 / top(01) / eventin /      0.00000 para depositing(09)
Mensaje X / 00:00:00:020 / top(01) / eventin /      0.00000 para insertingmoney(10)
Mensaje X / 00:00:00:020 / top(01) / eventin /      0.00000 para depositdone(11)
Mensaje D / 00:00:00:020 / idle(02) / ... para top(01)
Mensaje D / 00:00:00:020 / checkingpin(03) / 00:00:00:000 para top(01)
Mensaje D / 00:00:00:020 / selectingtransaction(04) / ... para top(01)
Mensaje D / 00:00:00:020 / withdrawing(05) / ... para top(01)
Mensaje D / 00:00:00:020 / inputingamount(06) / ... para top(01)
Mensaje D / 00:00:00:020 / confirming(07) / ... para top(01)
Mensaje D / 00:00:00:020 / withdrawaldone(08) / ... para top(01)
Mensaje D / 00:00:00:020 / depositing(09) / ... para top(01)
Mensaje D / 00:00:00:020 / insertingmoney(10) / ... para top(01)
Mensaje D / 00:00:00:020 / depositdone(11) / ... para top(01)
Mensaje D / 00:00:00:020 / top(01) / 00:00:00:000 para Root(00)
Mensaje * / 00:00:00:020 / Root(00) para top(01)
Mensaje * / 00:00:00:020 / top(01) para checkingpin(03)
Mensaje Y / 00:00:00:020 / checkingpin(03) / errorout /   -999.00000 para top(01)
Mensaje D / 00:00:00:020 / checkingpin(03) / ... para top(01)
Mensaje Y / 00:00:00:020 / top(01) / error /   -999.00000 para Root(00)
Mensaje D / 00:00:00:020 / top(01) / ... para Root(00)
Mensaje X / 00:00:00:030 / Root(00) / in /      2.00000 para top(01)
Mensaje X / 00:00:00:030 / top(01) / eventin /      2.00000 para idle(02)
Mensaje X / 00:00:00:030 / top(01) / eventin /      2.00000 para checkingpin(03)
Mensaje X / 00:00:00:030 / top(01) / eventin /      2.00000 para selectingtransaction(04)
Mensaje X / 00:00:00:030 / top(01) / eventin /      2.00000 para withdrawing(05)
Mensaje X / 00:00:00:030 / top(01) / eventin /      2.00000 para inputingamount(06)
Mensaje X / 00:00:00:030 / top(01) / eventin /      2.00000 para confirming(07)
Mensaje X / 00:00:00:030 / top(01) / eventin /      2.00000 para withdrawaldone(08)
Mensaje X / 00:00:00:030 / top(01) / eventin /      2.00000 para depositing(09)
Mensaje X / 00:00:00:030 / top(01) / eventin /      2.00000 para insertingmoney(10)
Mensaje X / 00:00:00:030 / top(01) / eventin /      2.00000 para depositdone(11)
Mensaje D / 00:00:00:030 / idle(02) / ... para top(01)
Mensaje D / 00:00:00:030 / checkingpin(03) / 00:00:00:000 para top(01)
Mensaje D / 00:00:00:030 / selectingtransaction(04) / ... para top(01)
Mensaje D / 00:00:00:030 / withdrawing(05) / ... para top(01)
Mensaje D / 00:00:00:030 / inputingamount(06) / ... para top(01)
Mensaje D / 00:00:00:030 / confirming(07) / ... para top(01)
Mensaje D / 00:00:00:030 / withdrawaldone(08) / ... para top(01)
Mensaje D / 00:00:00:030 / depositing(09) / ... para top(01)
Mensaje D / 00:00:00:030 / insertingmoney(10) / ... para top(01)
Mensaje D / 00:00:00:030 / depositdone(11) / ... para top(01)
Mensaje D / 00:00:00:030 / top(01) / 00:00:00:000 para Root(00)
Mensaje * / 00:00:00:030 / Root(00) para top(01)
Mensaje * / 00:00:00:030 / top(01) para checkingpin(03)
Mensaje Y / 00:00:00:030 / checkingpin(03) / transitionout /      2.00000 para top(01)
Mensaje D / 00:00:00:030 / checkingpin(03) / ... para top(01)
Mensaje X / 00:00:00:030 / top(01) / transitionin /      2.00000 para idle(02)
Mensaje X / 00:00:00:030 / top(01) / transitionin /      2.00000 para selectingtransaction(04)
Mensaje D / 00:00:00:030 / idle(02) / ... para top(01)
Mensaje D / 00:00:00:030 / selectingtransaction(04) / 00:00:00:000 para top(01)
Mensaje D / 00:00:00:030 / top(01) / 00:00:00:000 para Root(00)
Mensaje * / 00:00:00:030 / Root(00) para top(01)
Mensaje * / 00:00:00:030 / top(01) para selectingtransaction(04)
Mensaje Y / 00:00:00:030 / selectingtransaction(04) / stateout /      2.00000 para top(01)
Mensaje D / 00:00:00:030 / selectingtransaction(04) / ... para top(01)
Mensaje Y / 00:00:00:030 / top(01) / selectingtransaction /      2.00000 para Root(00)
Mensaje D / 00:00:00:030 / top(01) / ... para Root(00)
Mensaje X / 00:00:00:040 / Root(00) / in /      3.00000 para top(01)
Mensaje X / 00:00:00:040 / top(01) / eventin /      3.00000 para idle(02)
Mensaje X / 00:00:00:040 / top(01) / eventin /      3.00000 para checkingpin(03)
Mensaje X / 00:00:00:040 / top(01) / eventin /      3.00000 para selectingtransaction(04)
Mensaje X / 00:00:00:040 / top(01) / eventin /      3.00000 para withdrawing(05)
Mensaje X / 00:00:00:040 / top(01) / eventin /      3.00000 para inputingamount(06)
Mensaje X / 00:00:00:040 / top(01) / eventin /      3.00000 para confirming(07)
Mensaje X / 00:00:00:040 / top(01) / eventin /      3.00000 para withdrawaldone(08)
Mensaje X / 00:00:00:040 / top(01) / eventin /      3.00000 para depositing(09)
Mensaje X / 00:00:00:040 / top(01) / eventin /      3.00000 para insertingmoney(10)
Mensaje X / 00:00:00:040 / top(01) / eventin /      3.00000 para depositdone(11)
Mensaje D / 00:00:00:040 / idle(02) / ... para top(01)
Mensaje D / 00:00:00:040 / checkingpin(03) / ... para top(01)
Mensaje D / 00:00:00:040 / selectingtransaction(04) / 00:00:00:000 para top(01)
Mensaje D / 00:00:00:040 / withdrawing(05) / ... para top(01)
Mensaje D / 00:00:00:040 / inputingamount(06) / ... para top(01)
Mensaje D / 00:00:00:040 / confirming(07) / ... para top(01)
Mensaje D / 00:00:00:040 / withdrawaldone(08) / ... para top(01)
Mensaje D / 00:00:00:040 / depositing(09) / ... para top(01)
Mensaje D / 00:00:00:040 / insertingmoney(10) / ... para top(01)
Mensaje D / 00:00:00:040 / depositdone(11) / ... para top(01)
Mensaje D / 00:00:00:040 / top(01) / 00:00:00:000 para Root(00)
Mensaje * / 00:00:00:040 / Root(00) para top(01)
Mensaje * / 00:00:00:040 / top(01) para selectingtransaction(04)
Mensaje Y / 00:00:00:040 / selectingtransaction(04) / transitionout /      3.00000 para top(01)
Mensaje D / 00:00:00:040 / selectingtransaction(04) / ... para top(01)
Mensaje X / 00:00:00:040 / top(01) / transitionin /      3.00000 para withdrawing(05)
Mensaje X / 00:00:00:040 / top(01) / transitionin /      3.00000 para depositing(09)
Mensaje D / 00:00:00:040 / withdrawing(05) / 00:00:00:000 para top(01)
Mensaje D / 00:00:00:040 / depositing(09) / ... para top(01)
Mensaje D / 00:00:00:040 / top(01) / 00:00:00:000 para Root(00)
Mensaje * / 00:00:00:040 / Root(00) para top(01)
Mensaje * / 00:00:00:040 / top(01) para withdrawing(05)
Mensaje Y / 00:00:00:040 / withdrawing(05) / stateout /      3.00000 para top(01)
Mensaje D / 00:00:00:040 / withdrawing(05) / ... para top(01)
Mensaje Y / 00:00:00:040 / top(01) / withdrawing /      3.00000 para Root(00)
Mensaje D / 00:00:00:040 / top(01) / ... para Root(00)
Mensaje X / 00:00:00:050 / Root(00) / in /      4.00000 para top(01)
Mensaje X / 00:00:00:050 / top(01) / eventin /      4.00000 para idle(02)
Mensaje X / 00:00:00:050 / top(01) / eventin /      4.00000 para checkingpin(03)
Mensaje X / 00:00:00:050 / top(01) / eventin /      4.00000 para selectingtransaction(04)
Mensaje X / 00:00:00:050 / top(01) / eventin /      4.00000 para withdrawing(05)
Mensaje X / 00:00:00:050 / top(01) / eventin /      4.00000 para inputingamount(06)
Mensaje X / 00:00:00:050 / top(01) / eventin /      4.00000 para confirming(07)
Mensaje X / 00:00:00:050 / top(01) / eventin /      4.00000 para withdrawaldone(08)
Mensaje X / 00:00:00:050 / top(01) / eventin /      4.00000 para depositing(09)
Mensaje X / 00:00:00:050 / top(01) / eventin /      4.00000 para insertingmoney(10)
Mensaje X / 00:00:00:050 / top(01) / eventin /      4.00000 para depositdone(11)
Mensaje D / 00:00:00:050 / idle(02) / ... para top(01)
Mensaje D / 00:00:00:050 / checkingpin(03) / ... para top(01)
Mensaje D / 00:00:00:050 / selectingtransaction(04) / ... para top(01)
Mensaje D / 00:00:00:050 / withdrawing(05) / 00:00:00:000 para top(01)
Mensaje D / 00:00:00:050 / inputingamount(06) / ... para top(01)
Mensaje D / 00:00:00:050 / confirming(07) / ... para top(01)
Mensaje D / 00:00:00:050 / withdrawaldone(08) / ... para top(01)
Mensaje D / 00:00:00:050 / depositing(09) / ... para top(01)
Mensaje D / 00:00:00:050 / insertingmoney(10) / ... para top(01)
Mensaje D / 00:00:00:050 / depositdone(11) / ... para top(01)
Mensaje D / 00:00:00:050 / top(01) / 00:00:00:000 para Root(00)
Mensaje * / 00:00:00:050 / Root(00) para top(01)
Mensaje * / 00:00:00:050 / top(01) para withdrawing(05)
Mensaje Y / 00:00:00:050 / withdrawing(05) / transitionout /      4.00000 para top(01)
Mensaje D / 00:00:00:050 / withdrawing(05) / ... para top(01)
Mensaje X / 00:00:00:050 / top(01) / transitionin /      4.00000 para inputingamount(06)
Mensaje D / 00:00:00:050 / inputingamount(06) / 00:00:00:000 para top(01)
Mensaje D / 00:00:00:050 / top(01) / 00:00:00:000 para Root(00)
Mensaje * / 00:00:00:050 / Root(00) para top(01)
Mensaje * / 00:00:00:050 / top(01) para inputingamount(06)
Mensaje Y / 00:00:00:050 / inputingamount(06) / stateout /      4.00000 para top(01)
Mensaje D / 00:00:00:050 / inputingamount(06) / ... para top(01)
Mensaje Y / 00:00:00:050 / top(01) / inputingamount /      4.00000 para Root(00)
Mensaje D / 00:00:00:050 / top(01) / ... para Root(00)
Mensaje X / 00:00:00:060 / Root(00) / in /      5.00000 para top(01)
Mensaje X / 00:00:00:060 / top(01) / eventin /      5.00000 para idle(02)
Mensaje X / 00:00:00:060 / top(01) / eventin /      5.00000 para checkingpin(03)
Mensaje X / 00:00:00:060 / top(01) / eventin /      5.00000 para selectingtransaction(04)
Mensaje X / 00:00:00:060 / top(01) / eventin /      5.00000 para withdrawing(05)
Mensaje X / 00:00:00:060 / top(01) / eventin /      5.00000 para inputingamount(06)
Mensaje X / 00:00:00:060 / top(01) / eventin /      5.00000 para confirming(07)
Mensaje X / 00:00:00:060 / top(01) / eventin /      5.00000 para withdrawaldone(08)
Mensaje X / 00:00:00:060 / top(01) / eventin /      5.00000 para depositing(09)
Mensaje X / 00:00:00:060 / top(01) / eventin /      5.00000 para insertingmoney(10)
Mensaje X / 00:00:00:060 / top(01) / eventin /      5.00000 para depositdone(11)
Mensaje D / 00:00:00:060 / idle(02) / ... para top(01)
Mensaje D / 00:00:00:060 / checkingpin(03) / ... para top(01)
Mensaje D / 00:00:00:060 / selectingtransaction(04) / ... para top(01)
Mensaje D / 00:00:00:060 / withdrawing(05) / ... para top(01)
Mensaje D / 00:00:00:060 / inputingamount(06) / 00:00:00:000 para top(01)
Mensaje D / 00:00:00:060 / confirming(07) / ... para top(01)
Mensaje D / 00:00:00:060 / withdrawaldone(08) / ... para top(01)
Mensaje D / 00:00:00:060 / depositing(09) / ... para top(01)
Mensaje D / 00:00:00:060 / insertingmoney(10) / ... para top(01)
Mensaje D / 00:00:00:060 / depositdone(11) / ... para top(01)
Mensaje D / 00:00:00:060 / top(01) / 00:00:00:000 para Root(00)
Mensaje * / 00:00:00:060 / Root(00) para top(01)
Mensaje * / 00:00:00:060 / top(01) para inputingamount(06)
Mensaje Y / 00:00:00:060 / inputingamount(06) / transitionout /      5.00000 para top(01)
Mensaje D / 00:00:00:060 / inputingamount(06) / ... para top(01)
Mensaje X / 00:00:00:060 / top(01) / transitionin /      5.00000 para confirming(07)
Mensaje D / 00:00:00:060 / confirming(07) / 00:00:00:000 para top(01)
Mensaje D / 00:00:00:060 / top(01) / 00:00:00:000 para Root(00)
Mensaje * / 00:00:00:060 / Root(00) para top(01)
Mensaje * / 00:00:00:060 / top(01) para confirming(07)
Mensaje Y / 00:00:00:060 / confirming(07) / stateout /      5.00000 para top(01)
Mensaje D / 00:00:00:060 / confirming(07) / ... para top(01)
Mensaje Y / 00:00:00:060 / top(01) / confirming /      5.00000 para Root(00)
Mensaje D / 00:00:00:060 / top(01) / ... para Root(00)
Mensaje X / 00:00:00:070 / Root(00) / in /      6.00000 para top(01)
Mensaje X / 00:00:00:070 / top(01) / eventin /      6.00000 para idle(02)
Mensaje X / 00:00:00:070 / top(01) / eventin /      6.00000 para checkingpin(03)
Mensaje X / 00:00:00:070 / top(01) / eventin /      6.00000 para selectingtransaction(04)
Mensaje X / 00:00:00:070 / top(01) / eventin /      6.00000 para withdrawing(05)
Mensaje X / 00:00:00:070 / top(01) / eventin /      6.00000 para inputingamount(06)
Mensaje X / 00:00:00:070 / top(01) / eventin /      6.00000 para confirming(07)
Mensaje X / 00:00:00:070 / top(01) / eventin /      6.00000 para withdrawaldone(08)
Mensaje X / 00:00:00:070 / top(01) / eventin /      6.00000 para depositing(09)
Mensaje X / 00:00:00:070 / top(01) / eventin /      6.00000 para insertingmoney(10)
Mensaje X / 00:00:00:070 / top(01) / eventin /      6.00000 para depositdone(11)
Mensaje D / 00:00:00:070 / idle(02) / ... para top(01)
Mensaje D / 00:00:00:070 / checkingpin(03) / ... para top(01)
Mensaje D / 00:00:00:070 / selectingtransaction(04) / ... para top(01)
Mensaje D / 00:00:00:070 / withdrawing(05) / ... para top(01)
Mensaje D / 00:00:00:070 / inputingamount(06) / ... para top(01)
Mensaje D / 00:00:00:070 / confirming(07) / 00:00:00:000 para top(01)
Mensaje D / 00:00:00:070 / withdrawaldone(08) / ... para top(01)
Mensaje D / 00:00:00:070 / depositing(09) / ... para top(01)
Mensaje D / 00:00:00:070 / insertingmoney(10) / ... para top(01)
Mensaje D / 00:00:00:070 / depositdone(11) / ... para top(01)
Mensaje D / 00:00:00:070 / top(01) / 00:00:00:000 para Root(00)
Mensaje * / 00:00:00:070 / Root(00) para top(01)
Mensaje * / 00:00:00:070 / top(01) para confirming(07)
Mensaje Y / 00:00:00:070 / confirming(07) / transitionout /      4.00000 para top(01)
Mensaje D / 00:00:00:070 / confirming(07) / ... para top(01)
Mensaje X / 00:00:00:070 / top(01) / transitionin /      4.00000 para inputingamount(06)
Mensaje X / 00:00:00:070 / top(01) / transitionin /      4.00000 para withdrawaldone(08)
Mensaje D / 00:00:00:070 / inputingamount(06) / 00:00:00:000 para top(01)
Mensaje D / 00:00:00:070 / withdrawaldone(08) / ... para top(01)
Mensaje D / 00:00:00:070 / top(01) / 00:00:00:000 para Root(00)
Mensaje * / 00:00:00:070 / Root(00) para top(01)
Mensaje * / 00:00:00:070 / top(01) para inputingamount(06)
Mensaje Y / 00:00:00:070 / inputingamount(06) / stateout /      4.00000 para top(01)
Mensaje D / 00:00:00:070 / inputingamount(06) / ... para top(01)
Mensaje Y / 00:00:00:070 / top(01) / inputingamount /      4.00000 para Root(00)
Mensaje D / 00:00:00:070 / top(01) / ... para Root(00)
Mensaje X / 00:00:00:080 / Root(00) / in /      5.00000 para top(01)
Mensaje X / 00:00:00:080 / top(01) / eventin /      5.00000 para idle(02)
Mensaje X / 00:00:00:080 / top(01) / eventin /      5.00000 para checkingpin(03)
Mensaje X / 00:00:00:080 / top(01) / eventin /      5.00000 para selectingtransaction(04)
Mensaje X / 00:00:00:080 / top(01) / eventin /      5.00000 para withdrawing(05)
Mensaje X / 00:00:00:080 / top(01) / eventin /      5.00000 para inputingamount(06)
Mensaje X / 00:00:00:080 / top(01) / eventin /      5.00000 para confirming(07)
Mensaje X / 00:00:00:080 / top(01) / eventin /      5.00000 para withdrawaldone(08)
Mensaje X / 00:00:00:080 / top(01) / eventin /      5.00000 para depositing(09)
Mensaje X / 00:00:00:080 / top(01) / eventin /      5.00000 para insertingmoney(10)
Mensaje X / 00:00:00:080 / top(01) / eventin /      5.00000 para depositdone(11)
Mensaje D / 00:00:00:080 / idle(02) / ... para top(01)
Mensaje D / 00:00:00:080 / checkingpin(03) / ... para top(01)
Mensaje D / 00:00:00:080 / selectingtransaction(04) / ... para top(01)
Mensaje D / 00:00:00:080 / withdrawing(05) / ... para top(01)
Mensaje D / 00:00:00:080 / inputingamount(06) / 00:00:00:000 para top(01)
Mensaje D / 00:00:00:080 / confirming(07) / ... para top(01)
Mensaje D / 00:00:00:080 / withdrawaldone(08) / ... para top(01)
Mensaje D / 00:00:00:080 / depositing(09) / ... para top(01)
Mensaje D / 00:00:00:080 / insertingmoney(10) / ... para top(01)
Mensaje D / 00:00:00:080 / depositdone(11) / ... para top(01)
Mensaje D / 00:00:00:080 / top(01) / 00:00:00:000 para Root(00)
Mensaje * / 00:00:00:080 / Root(00) para top(01)
Mensaje * / 00:00:00:080 / top(01) para inputingamount(06)
Mensaje Y / 00:00:00:080 / inputingamount(06) / transitionout /      5.00000 para top(01)
Mensaje D / 00:00:00:080 / inputingamount(06) / ... para top(01)
Mensaje X / 00:00:00:080 / top(01) / transitionin /      5.00000 para confirming(07)
Mensaje D / 00:00:00:080 / confirming(07) / 00:00:00:000 para top(01)
Mensaje D / 00:00:00:080 / top(01) / 00:00:00:000 para Root(00)
Mensaje * / 00:00:00:080 / Root(00) para top(01)
Mensaje * / 00:00:00:080 / top(01) para confirming(07)
Mensaje Y / 00:00:00:080 / confirming(07) / stateout /      5.00000 para top(01)
Mensaje D / 00:00:00:080 / confirming(07) / ... para top(01)
Mensaje Y / 00:00:00:080 / top(01) / confirming /      5.00000 para Root(00)
Mensaje D / 00:00:00:080 / top(01) / ... para Root(00)
Mensaje X / 00:00:00:090 / Root(00) / in /      7.00000 para top(01)
Mensaje X / 00:00:00:090 / top(01) / eventin /      7.00000 para idle(02)
Mensaje X / 00:00:00:090 / top(01) / eventin /      7.00000 para checkingpin(03)
Mensaje X / 00:00:00:090 / top(01) / eventin /      7.00000 para selectingtransaction(04)
Mensaje X / 00:00:00:090 / top(01) / eventin /      7.00000 para withdrawing(05)
Mensaje X / 00:00:00:090 / top(01) / eventin /      7.00000 para inputingamount(06)
Mensaje X / 00:00:00:090 / top(01) / eventin /      7.00000 para confirming(07)
Mensaje X / 00:00:00:090 / top(01) / eventin /      7.00000 para withdrawaldone(08)
Mensaje X / 00:00:00:090 / top(01) / eventin /      7.00000 para depositing(09)
Mensaje X / 00:00:00:090 / top(01) / eventin /      7.00000 para insertingmoney(10)
Mensaje X / 00:00:00:090 / top(01) / eventin /      7.00000 para depositdone(11)
Mensaje D / 00:00:00:090 / idle(02) / ... para top(01)
Mensaje D / 00:00:00:090 / checkingpin(03) / ... para top(01)
Mensaje D / 00:00:00:090 / selectingtransaction(04) / ... para top(01)
Mensaje D / 00:00:00:090 / withdrawing(05) / ... para top(01)
Mensaje D / 00:00:00:090 / inputingamount(06) / ... para top(01)
Mensaje D / 00:00:00:090 / confirming(07) / 00:00:00:000 para top(01)
Mensaje D / 00:00:00:090 / withdrawaldone(08) / ... para top(01)
Mensaje D / 00:00:00:090 / depositing(09) / ... para top(01)
Mensaje D / 00:00:00:090 / insertingmoney(10) / ... para top(01)
Mensaje D / 00:00:00:090 / depositdone(11) / ... para top(01)
Mensaje D / 00:00:00:090 / top(01) / 00:00:00:000 para Root(00)
Mensaje * / 00:00:00:090 / Root(00) para top(01)
Mensaje * / 00:00:00:090 / top(01) para confirming(07)
Mensaje Y / 00:00:00:090 / confirming(07) / transitionout /      6.00000 para top(01)
Mensaje D / 00:00:00:090 / confirming(07) / ... para top(01)
Mensaje X / 00:00:00:090 / top(01) / transitionin /      6.00000 para inputingamount(06)
Mensaje X / 00:00:00:090 / top(01) / transitionin /      6.00000 para withdrawaldone(08)
Mensaje D / 00:00:00:090 / inputingamount(06) / ... para top(01)
Mensaje D / 00:00:00:090 / withdrawaldone(08) / 00:00:00:000 para top(01)
Mensaje D / 00:00:00:090 / top(01) / 00:00:00:000 para Root(00)
Mensaje * / 00:00:00:090 / Root(00) para top(01)
Mensaje * / 00:00:00:090 / top(01) para withdrawaldone(08)
Mensaje Y / 00:00:00:090 / withdrawaldone(08) / stateout /      6.00000 para top(01)
Mensaje D / 00:00:00:090 / withdrawaldone(08) / ... para top(01)
Mensaje Y / 00:00:00:090 / top(01) / withdrawaldone /      6.00000 para Root(00)
Mensaje D / 00:00:00:090 / top(01) / ... para Root(00)
Mensaje X / 00:00:00:100 / Root(00) / in /      8.00000 para top(01)
Mensaje X / 00:00:00:100 / top(01) / eventin /      8.00000 para idle(02)
Mensaje X / 00:00:00:100 / top(01) / eventin /      8.00000 para checkingpin(03)
Mensaje X / 00:00:00:100 / top(01) / eventin /      8.00000 para selectingtransaction(04)
Mensaje X / 00:00:00:100 / top(01) / eventin /      8.00000 para withdrawing(05)
Mensaje X / 00:00:00:100 / top(01) / eventin /      8.00000 para inputingamount(06)
Mensaje X / 00:00:00:100 / top(01) / eventin /      8.00000 para confirming(07)
Mensaje X / 00:00:00:100 / top(01) / eventin /      8.00000 para withdrawaldone(08)
Mensaje X / 00:00:00:100 / top(01) / eventin /      8.00000 para depositing(09)
Mensaje X / 00:00:00:100 / top(01) / eventin /      8.00000 para insertingmoney(10)
Mensaje X / 00:00:00:100 / top(01) / eventin /      8.00000 para depositdone(11)
Mensaje D / 00:00:00:100 / idle(02) / ... para top(01)
Mensaje D / 00:00:00:100 / checkingpin(03) / ... para top(01)
Mensaje D / 00:00:00:100 / selectingtransaction(04) / ... para top(01)
Mensaje D / 00:00:00:100 / withdrawing(05) / ... para top(01)
Mensaje D / 00:00:00:100 / inputingamount(06) / ... para top(01)
Mensaje D / 00:00:00:100 / confirming(07) / ... para top(01)
Mensaje D / 00:00:00:100 / withdrawaldone(08) / 00:00:00:000 para top(01)
Mensaje D / 00:00:00:100 / depositing(09) / ... para top(01)
Mensaje D / 00:00:00:100 / insertingmoney(10) / ... para top(01)
Mensaje D / 00:00:00:100 / depositdone(11) / ... para top(01)
Mensaje D / 00:00:00:100 / top(01) / 00:00:00:000 para Root(00)
Mensaje * / 00:00:00:100 / Root(00) para top(01)
Mensaje * / 00:00:00:100 / top(01) para withdrawaldone(08)
Mensaje Y / 00:00:00:100 / withdrawaldone(08) / transitionout /      0.00000 para top(01)
Mensaje D / 00:00:00:100 / withdrawaldone(08) / ... para top(01)
Mensaje X / 00:00:00:100 / top(01) / transitionin /      0.00000 para idle(02)
Mensaje D / 00:00:00:100 / idle(02) / 00:00:00:000 para top(01)
Mensaje D / 00:00:00:100 / top(01) / 00:00:00:000 para Root(00)
Mensaje * / 00:00:00:100 / Root(00) para top(01)
Mensaje * / 00:00:00:100 / top(01) para idle(02)
Mensaje Y / 00:00:00:100 / idle(02) / stateout /      0.00000 para top(01)
Mensaje D / 00:00:00:100 / idle(02) / ... para top(01)
Mensaje Y / 00:00:00:100 / top(01) / idle /      0.00000 para Root(00)
Mensaje D / 00:00:00:100 / top(01) / ... para Root(00)
Mensaje X / 00:00:00:110 / Root(00) / in /      0.00000 para top(01)
Mensaje X / 00:00:00:110 / top(01) / eventin /      0.00000 para idle(02)
Mensaje X / 00:00:00:110 / top(01) / eventin /      0.00000 para checkingpin(03)
Mensaje X / 00:00:00:110 / top(01) / eventin /      0.00000 para selectingtransaction(04)
Mensaje X / 00:00:00:110 / top(01) / eventin /      0.00000 para withdrawing(05)
Mensaje X / 00:00:00:110 / top(01) / eventin /      0.00000 para inputingamount(06)
Mensaje X / 00:00:00:110 / top(01) / eventin /      0.00000 para confirming(07)
Mensaje X / 00:00:00:110 / top(01) / eventin /      0.00000 para withdrawaldone(08)
Mensaje X / 00:00:00:110 / top(01) / eventin /      0.00000 para depositing(09)
Mensaje X / 00:00:00:110 / top(01) / eventin /      0.00000 para insertingmoney(10)
Mensaje X / 00:00:00:110 / top(01) / eventin /      0.00000 para depositdone(11)
Mensaje D / 00:00:00:110 / idle(02) / 00:00:00:000 para top(01)
Mensaje D / 00:00:00:110 / checkingpin(03) / ... para top(01)
Mensaje D / 00:00:00:110 / selectingtransaction(04) / ... para top(01)
Mensaje D / 00:00:00:110 / withdrawing(05) / ... para top(01)
Mensaje D / 00:00:00:110 / inputingamount(06) / ... para top(01)
Mensaje D / 00:00:00:110 / confirming(07) / ... para top(01)
Mensaje D / 00:00:00:110 / withdrawaldone(08) / ... para top(01)
Mensaje D / 00:00:00:110 / depositing(09) / ... para top(01)
Mensaje D / 00:00:00:110 / insertingmoney(10) / ... para top(01)
Mensaje D / 00:00:00:110 / depositdone(11) / ... para top(01)
Mensaje D / 00:00:00:110 / top(01) / 00:00:00:000 para Root(00)
Mensaje * / 00:00:00:110 / Root(00) para top(01)
Mensaje * / 00:00:00:110 / top(01) para idle(02)
Mensaje Y / 00:00:00:110 / idle(02) / transitionout /      1.00000 para top(01)
Mensaje D / 00:00:00:110 / idle(02) / ... para top(01)
Mensaje X / 00:00:00:110 / top(01) / transitionin /      1.00000 para idle(02)
Mensaje X / 00:00:00:110 / top(01) / transitionin /      1.00000 para checkingpin(03)
Mensaje D / 00:00:00:110 / idle(02) / ... para top(01)
Mensaje D / 00:00:00:110 / checkingpin(03) / 00:00:00:000 para top(01)
Mensaje D / 00:00:00:110 / top(01) / 00:00:00:000 para Root(00)
Mensaje * / 00:00:00:110 / Root(00) para top(01)
Mensaje * / 00:00:00:110 / top(01) para checkingpin(03)
Mensaje Y / 00:00:00:110 / checkingpin(03) / stateout /      1.00000 para top(01)
Mensaje D / 00:00:00:110 / checkingpin(03) / ... para top(01)
Mensaje Y / 00:00:00:110 / top(01) / checkingpin /      1.00000 para Root(00)
Mensaje D / 00:00:00:110 / top(01) / ... para Root(00)
Mensaje X / 00:00:00:120 / Root(00) / in /      1.00000 para top(01)
Mensaje X / 00:00:00:120 / top(01) / eventin /      1.00000 para idle(02)
Mensaje X / 00:00:00:120 / top(01) / eventin /      1.00000 para checkingpin(03)
Mensaje X / 00:00:00:120 / top(01) / eventin /      1.00000 para selectingtransaction(04)
Mensaje X / 00:00:00:120 / top(01) / eventin /      1.00000 para withdrawing(05)
Mensaje X / 00:00:00:120 / top(01) / eventin /      1.00000 para inputingamount(06)
Mensaje X / 00:00:00:120 / top(01) / eventin /      1.00000 para confirming(07)
Mensaje X / 00:00:00:120 / top(01) / eventin /      1.00000 para withdrawaldone(08)
Mensaje X / 00:00:00:120 / top(01) / eventin /      1.00000 para depositing(09)
Mensaje X / 00:00:00:120 / top(01) / eventin /      1.00000 para insertingmoney(10)
Mensaje X / 00:00:00:120 / top(01) / eventin /      1.00000 para depositdone(11)
Mensaje D / 00:00:00:120 / idle(02) / ... para top(01)
Mensaje D / 00:00:00:120 / checkingpin(03) / 00:00:00:000 para top(01)
Mensaje D / 00:00:00:120 / selectingtransaction(04) / ... para top(01)
Mensaje D / 00:00:00:120 / withdrawing(05) / ... para top(01)
Mensaje D / 00:00:00:120 / inputingamount(06) / ... para top(01)
Mensaje D / 00:00:00:120 / confirming(07) / ... para top(01)
Mensaje D / 00:00:00:120 / withdrawaldone(08) / ... para top(01)
Mensaje D / 00:00:00:120 / depositing(09) / ... para top(01)
Mensaje D / 00:00:00:120 / insertingmoney(10) / ... para top(01)
Mensaje D / 00:00:00:120 / depositdone(11) / ... para top(01)
Mensaje D / 00:00:00:120 / top(01) / 00:00:00:000 para Root(00)
Mensaje * / 00:00:00:120 / Root(00) para top(01)
Mensaje * / 00:00:00:120 / top(01) para checkingpin(03)
Mensaje Y / 00:00:00:120 / checkingpin(03) / transitionout /      0.00000 para top(01)
Mensaje D / 00:00:00:120 / checkingpin(03) / ... para top(01)
Mensaje X / 00:00:00:120 / top(01) / transitionin /      0.00000 para idle(02)
Mensaje X / 00:00:00:120 / top(01) / transitionin /      0.00000 para selectingtransaction(04)
Mensaje D / 00:00:00:120 / idle(02) / 00:00:00:000 para top(01)
Mensaje D / 00:00:00:120 / selectingtransaction(04) / ... para top(01)
Mensaje D / 00:00:00:120 / top(01) / 00:00:00:000 para Root(00)
Mensaje * / 00:00:00:120 / Root(00) para top(01)
Mensaje * / 00:00:00:120 / top(01) para idle(02)
Mensaje Y / 00:00:00:120 / idle(02) / stateout /      0.00000 para top(01)
Mensaje D / 00:00:00:120 / idle(02) / ... para top(01)
Mensaje Y / 00:00:00:120 / top(01) / idle /      0.00000 para Root(00)
Mensaje D / 00:00:00:120 / top(01) / ... para Root(00)
Mensaje X / 00:00:00:130 / Root(00) / in /      0.00000 para top(01)
Mensaje X / 00:00:00:130 / top(01) / eventin /      0.00000 para idle(02)
Mensaje X / 00:00:00:130 / top(01) / eventin /      0.00000 para checkingpin(03)
Mensaje X / 00:00:00:130 / top(01) / eventin /      0.00000 para selectingtransaction(04)
Mensaje X / 00:00:00:130 / top(01) / eventin /      0.00000 para withdrawing(05)
Mensaje X / 00:00:00:130 / top(01) / eventin /      0.00000 para inputingamount(06)
Mensaje X / 00:00:00:130 / top(01) / eventin /      0.00000 para confirming(07)
Mensaje X / 00:00:00:130 / top(01) / eventin /      0.00000 para withdrawaldone(08)
Mensaje X / 00:00:00:130 / top(01) / eventin /      0.00000 para depositing(09)
Mensaje X / 00:00:00:130 / top(01) / eventin /      0.00000 para insertingmoney(10)
Mensaje X / 00:00:00:130 / top(01) / eventin /      0.00000 para depositdone(11)
Mensaje D / 00:00:00:130 / idle(02) / 00:00:00:000 para top(01)
Mensaje D / 00:00:00:130 / checkingpin(03) / ... para top(01)
Mensaje D / 00:00:00:130 / selectingtransaction(04) / ... para top(01)
Mensaje D / 00:00:00:130 / withdrawing(05) / ... para top(01)
Mensaje D / 00:00:00:130 / inputingamount(06) / ... para top(01)
Mensaje D / 00:00:00:130 / confirming(07) / ... para top(01)
Mensaje D / 00:00:00:130 / withdrawaldone(08) / ... para top(01)
Mensaje D / 00:00:00:130 / depositing(09) / ... para top(01)
Mensaje D / 00:00:00:130 / insertingmoney(10) / ... para top(01)
Mensaje D / 00:00:00:130 / depositdone(11) / ... para top(01)
Mensaje D / 00:00:00:130 / top(01) / 00:00:00:000 para Root(00)
Mensaje * / 00:00:00:130 / Root(00) para top(01)
Mensaje * / 00:00:00:130 / top(01) para idle(02)
Mensaje Y / 00:00:00:130 / idle(02) / transitionout /      1.00000 para top(01)
Mensaje D / 00:00:00:130 / idle(02) / ... para top(01)
Mensaje X / 00:00:00:130 / top(01) / transitionin /      1.00000 para idle(02)
Mensaje X / 00:00:00:130 / top(01) / transitionin /      1.00000 para checkingpin(03)
Mensaje D / 00:00:00:130 / idle(02) / ... para top(01)
Mensaje D / 00:00:00:130 / checkingpin(03) / 00:00:00:000 para top(01)
Mensaje D / 00:00:00:130 / top(01) / 00:00:00:000 para Root(00)
Mensaje * / 00:00:00:130 / Root(00) para top(01)
Mensaje * / 00:00:00:130 / top(01) para checkingpin(03)
Mensaje Y / 00:00:00:130 / checkingpin(03) / stateout /      1.00000 para top(01)
Mensaje D / 00:00:00:130 / checkingpin(03) / ... para top(01)
Mensaje Y / 00:00:00:130 / top(01) / checkingpin /      1.00000 para Root(00)
Mensaje D / 00:00:00:130 / top(01) / ... para Root(00)
Mensaje X / 00:00:00:140 / Root(00) / in /      1.00000 para top(01)
Mensaje X / 00:00:00:140 / top(01) / eventin /      1.00000 para idle(02)
Mensaje X / 00:00:00:140 / top(01) / eventin /      1.00000 para checkingpin(03)
Mensaje X / 00:00:00:140 / top(01) / eventin /      1.00000 para selectingtransaction(04)
Mensaje X / 00:00:00:140 / top(01) / eventin /      1.00000 para withdrawing(05)
Mensaje X / 00:00:00:140 / top(01) / eventin /      1.00000 para inputingamount(06)
Mensaje X / 00:00:00:140 / top(01) / eventin /      1.00000 para confirming(07)
Mensaje X / 00:00:00:140 / top(01) / eventin /      1.00000 para withdrawaldone(08)
Mensaje X / 00:00:00:140 / top(01) / eventin /      1.00000 para depositing(09)
Mensaje X / 00:00:00:140 / top(01) / eventin /      1.00000 para insertingmoney(10)
Mensaje X / 00:00:00:140 / top(01) / eventin /      1.00000 para depositdone(11)
Mensaje D / 00:00:00:140 / idle(02) / ... para top(01)
Mensaje D / 00:00:00:140 / checkingpin(03) / 00:00:00:000 para top(01)
Mensaje D / 00:00:00:140 / selectingtransaction(04) / ... para top(01)
Mensaje D / 00:00:00:140 / withdrawing(05) / ... para top(01)
Mensaje D / 00:00:00:140 / inputingamount(06) / ... para top(01)
Mensaje D / 00:00:00:140 / confirming(07) / ... para top(01)
Mensaje D / 00:00:00:140 / withdrawaldone(08) / ... para top(01)
Mensaje D / 00:00:00:140 / depositing(09) / ... para top(01)
Mensaje D / 00:00:00:140 / insertingmoney(10) / ... para top(01)
Mensaje D / 00:00:00:140 / depositdone(11) / ... para top(01)
Mensaje D / 00:00:00:140 / top(01) / 00:00:00:000 para Root(00)
Mensaje * / 00:00:00:140 / Root(00) para top(01)
Mensaje * / 00:00:00:140 / top(01) para checkingpin(03)
Mensaje Y / 00:00:00:140 / checkingpin(03) / transitionout /      0.00000 para top(01)
Mensaje D / 00:00:00:140 / checkingpin(03) / ... para top(01)
Mensaje X / 00:00:00:140 / top(01) / transitionin /      0.00000 para idle(02)
Mensaje X / 00:00:00:140 / top(01) / transitionin /      0.00000 para selectingtransaction(04)
Mensaje D / 00:00:00:140 / idle(02) / 00:00:00:000 para top(01)
Mensaje D / 00:00:00:140 / selectingtransaction(04) / ... para top(01)
Mensaje D / 00:00:00:140 / top(01) / 00:00:00:000 para Root(00)
Mensaje * / 00:00:00:140 / Root(00) para top(01)
Mensaje * / 00:00:00:140 / top(01) para idle(02)
Mensaje Y / 00:00:00:140 / idle(02) / stateout /      0.00000 para top(01)
Mensaje D / 00:00:00:140 / idle(02) / ... para top(01)
Mensaje Y / 00:00:00:140 / top(01) / idle /      0.00000 para Root(00)
Mensaje D / 00:00:00:140 / top(01) / ... para Root(00)
Mensaje X / 00:00:00:150 / Root(00) / in /      0.00000 para top(01)
Mensaje X / 00:00:00:150 / top(01) / eventin /      0.00000 para idle(02)
Mensaje X / 00:00:00:150 / top(01) / eventin /      0.00000 para checkingpin(03)
Mensaje X / 00:00:00:150 / top(01) / eventin /      0.00000 para selectingtransaction(04)
Mensaje X / 00:00:00:150 / top(01) / eventin /      0.00000 para withdrawing(05)
Mensaje X / 00:00:00:150 / top(01) / eventin /      0.00000 para inputingamount(06)
Mensaje X / 00:00:00:150 / top(01) / eventin /      0.00000 para confirming(07)
Mensaje X / 00:00:00:150 / top(01) / eventin /      0.00000 para withdrawaldone(08)
Mensaje X / 00:00:00:150 / top(01) / eventin /      0.00000 para depositing(09)
Mensaje X / 00:00:00:150 / top(01) / eventin /      0.00000 para insertingmoney(10)
Mensaje X / 00:00:00:150 / top(01) / eventin /      0.00000 para depositdone(11)
Mensaje D / 00:00:00:150 / idle(02) / 00:00:00:000 para top(01)
Mensaje D / 00:00:00:150 / checkingpin(03) / ... para top(01)
Mensaje D / 00:00:00:150 / selectingtransaction(04) / ... para top(01)
Mensaje D / 00:00:00:150 / withdrawing(05) / ... para top(01)
Mensaje D / 00:00:00:150 / inputingamount(06) / ... para top(01)
Mensaje D / 00:00:00:150 / confirming(07) / ... para top(01)
Mensaje D / 00:00:00:150 / withdrawaldone(08) / ... para top(01)
Mensaje D / 00:00:00:150 / depositing(09) / ... para top(01)
Mensaje D / 00:00:00:150 / insertingmoney(10) / ... para top(01)
Mensaje D / 00:00:00:150 / depositdone(11) / ... para top(01)
Mensaje D / 00:00:00:150 / top(01) / 00:00:00:000 para Root(00)
Mensaje * / 00:00:00:150 / Root(00) para top(01)
Mensaje * / 00:00:00:150 / top(01) para idle(02)
Mensaje Y / 00:00:00:150 / idle(02) / transitionout /      1.00000 para top(01)
Mensaje D / 00:00:00:150 / idle(02) / ... para top(01)
Mensaje X / 00:00:00:150 / top(01) / transitionin /      1.00000 para idle(02)
Mensaje X / 00:00:00:150 / top(01) / transitionin /      1.00000 para checkingpin(03)
Mensaje D / 00:00:00:150 / idle(02) / ... para top(01)
Mensaje D / 00:00:00:150 / checkingpin(03) / 00:00:00:000 para top(01)
Mensaje D / 00:00:00:150 / top(01) / 00:00:00:000 para Root(00)
Mensaje * / 00:00:00:150 / Root(00) para top(01)
Mensaje * / 00:00:00:150 / top(01) para checkingpin(03)
Mensaje Y / 00:00:00:150 / checkingpin(03) / stateout /      1.00000 para top(01)
Mensaje D / 00:00:00:150 / checkingpin(03) / ... para top(01)
Mensaje Y / 00:00:00:150 / top(01) / checkingpin /      1.00000 para Root(00)
Mensaje D / 00:00:00:150 / top(01) / ... para Root(00)
Mensaje X / 00:00:00:160 / Root(00) / in /      2.00000 para top(01)
Mensaje X / 00:00:00:160 / top(01) / eventin /      2.00000 para idle(02)
Mensaje X / 00:00:00:160 / top(01) / eventin /      2.00000 para checkingpin(03)
Mensaje X / 00:00:00:160 / top(01) / eventin /      2.00000 para selectingtransaction(04)
Mensaje X / 00:00:00:160 / top(01) / eventin /      2.00000 para withdrawing(05)
Mensaje X / 00:00:00:160 / top(01) / eventin /      2.00000 para inputingamount(06)
Mensaje X / 00:00:00:160 / top(01) / eventin /      2.00000 para confirming(07)
Mensaje X / 00:00:00:160 / top(01) / eventin /      2.00000 para withdrawaldone(08)
Mensaje X / 00:00:00:160 / top(01) / eventin /      2.00000 para depositing(09)
Mensaje X / 00:00:00:160 / top(01) / eventin /      2.00000 para insertingmoney(10)
Mensaje X / 00:00:00:160 / top(01) / eventin /      2.00000 para depositdone(11)
Mensaje D / 00:00:00:160 / idle(02) / ... para top(01)
Mensaje D / 00:00:00:160 / checkingpin(03) / 00:00:00:000 para top(01)
Mensaje D / 00:00:00:160 / selectingtransaction(04) / ... para top(01)
Mensaje D / 00:00:00:160 / withdrawing(05) / ... para top(01)
Mensaje D / 00:00:00:160 / inputingamount(06) / ... para top(01)
Mensaje D / 00:00:00:160 / confirming(07) / ... para top(01)
Mensaje D / 00:00:00:160 / withdrawaldone(08) / ... para top(01)
Mensaje D / 00:00:00:160 / depositing(09) / ... para top(01)
Mensaje D / 00:00:00:160 / insertingmoney(10) / ... para top(01)
Mensaje D / 00:00:00:160 / depositdone(11) / ... para top(01)
Mensaje D / 00:00:00:160 / top(01) / 00:00:00:000 para Root(00)
Mensaje * / 00:00:00:160 / Root(00) para top(01)
Mensaje * / 00:00:00:160 / top(01) para checkingpin(03)
Mensaje Y / 00:00:00:160 / checkingpin(03) / transitionout /      2.00000 para top(01)
Mensaje D / 00:00:00:160 / checkingpin(03) / ... para top(01)
Mensaje X / 00:00:00:160 / top(01) / transitionin /      2.00000 para idle(02)
Mensaje X / 00:00:00:160 / top(01) / transitionin /      2.00000 para selectingtransaction(04)
Mensaje D / 00:00:00:160 / idle(02) / ... para top(01)
Mensaje D / 00:00:00:160 / selectingtransaction(04) / 00:00:00:000 para top(01)
Mensaje D / 00:00:00:160 / top(01) / 00:00:00:000 para Root(00)
Mensaje * / 00:00:00:160 / Root(00) para top(01)
Mensaje * / 00:00:00:160 / top(01) para selectingtransaction(04)
Mensaje Y / 00:00:00:160 / selectingtransaction(04) / stateout /      2.00000 para top(01)
Mensaje D / 00:00:00:160 / selectingtransaction(04) / ... para top(01)
Mensaje Y / 00:00:00:160 / top(01) / selectingtransaction /      2.00000 para Root(00)
Mensaje D / 00:00:00:160 / top(01) / ... para Root(00)
Mensaje X / 00:00:00:170 / Root(00) / in /      9.00000 para top(01)
Mensaje X / 00:00:00:170 / top(01) / eventin /      9.00000 para idle(02)
Mensaje X / 00:00:00:170 / top(01) / eventin /      9.00000 para checkingpin(03)
Mensaje X / 00:00:00:170 / top(01) / eventin /      9.00000 para selectingtransaction(04)
Mensaje X / 00:00:00:170 / top(01) / eventin /      9.00000 para withdrawing(05)
Mensaje X / 00:00:00:170 / top(01) / eventin /      9.00000 para inputingamount(06)
Mensaje X / 00:00:00:170 / top(01) / eventin /      9.00000 para confirming(07)
Mensaje X / 00:00:00:170 / top(01) / eventin /      9.00000 para withdrawaldone(08)
Mensaje X / 00:00:00:170 / top(01) / eventin /      9.00000 para depositing(09)
Mensaje X / 00:00:00:170 / top(01) / eventin /      9.00000 para insertingmoney(10)
Mensaje X / 00:00:00:170 / top(01) / eventin /      9.00000 para depositdone(11)
Mensaje D / 00:00:00:170 / idle(02) / ... para top(01)
Mensaje D / 00:00:00:170 / checkingpin(03) / ... para top(01)
Mensaje D / 00:00:00:170 / selectingtransaction(04) / 00:00:00:000 para top(01)
Mensaje D / 00:00:00:170 / withdrawing(05) / ... para top(01)
Mensaje D / 00:00:00:170 / inputingamount(06) / ... para top(01)
Mensaje D / 00:00:00:170 / confirming(07) / ... para top(01)
Mensaje D / 00:00:00:170 / withdrawaldone(08) / ... para top(01)
Mensaje D / 00:00:00:170 / depositing(09) / ... para top(01)
Mensaje D / 00:00:00:170 / insertingmoney(10) / ... para top(01)
Mensaje D / 00:00:00:170 / depositdone(11) / ... para top(01)
Mensaje D / 00:00:00:170 / top(01) / 00:00:00:000 para Root(00)
Mensaje * / 00:00:00:170 / Root(00) para top(01)
Mensaje * / 00:00:00:170 / top(01) para selectingtransaction(04)
Mensaje Y / 00:00:00:170 / selectingtransaction(04) / transitionout /      7.00000 para top(01)
Mensaje D / 00:00:00:170 / selectingtransaction(04) / ... para top(01)
Mensaje X / 00:00:00:170 / top(01) / transitionin /      7.00000 para withdrawing(05)
Mensaje X / 00:00:00:170 / top(01) / transitionin /      7.00000 para depositing(09)
Mensaje D / 00:00:00:170 / withdrawing(05) / ... para top(01)
Mensaje D / 00:00:00:170 / depositing(09) / 00:00:00:000 para top(01)
Mensaje D / 00:00:00:170 / top(01) / 00:00:00:000 para Root(00)
Mensaje * / 00:00:00:170 / Root(00) para top(01)
Mensaje * / 00:00:00:170 / top(01) para depositing(09)
Mensaje Y / 00:00:00:170 / depositing(09) / stateout /      7.00000 para top(01)
Mensaje D / 00:00:00:170 / depositing(09) / ... para top(01)
Mensaje Y / 00:00:00:170 / top(01) / depositing /      7.00000 para Root(00)
Mensaje D / 00:00:00:170 / top(01) / ... para Root(00)
Mensaje X / 00:00:00:180 / Root(00) / in /      4.00000 para top(01)
Mensaje X / 00:00:00:180 / top(01) / eventin /      4.00000 para idle(02)
Mensaje X / 00:00:00:180 / top(01) / eventin /      4.00000 para checkingpin(03)
Mensaje X / 00:00:00:180 / top(01) / eventin /      4.00000 para selectingtransaction(04)
Mensaje X / 00:00:00:180 / top(01) / eventin /      4.00000 para withdrawing(05)
Mensaje X / 00:00:00:180 / top(01) / eventin /      4.00000 para inputingamount(06)
Mensaje X / 00:00:00:180 / top(01) / eventin /      4.00000 para confirming(07)
Mensaje X / 00:00:00:180 / top(01) / eventin /      4.00000 para withdrawaldone(08)
Mensaje X / 00:00:00:180 / top(01) / eventin /      4.00000 para depositing(09)
Mensaje X / 00:00:00:180 / top(01) / eventin /      4.00000 para insertingmoney(10)
Mensaje X / 00:00:00:180 / top(01) / eventin /      4.00000 para depositdone(11)
Mensaje D / 00:00:00:180 / idle(02) / ... para top(01)
Mensaje D / 00:00:00:180 / checkingpin(03) / ... para top(01)
Mensaje D / 00:00:00:180 / selectingtransaction(04) / ... para top(01)
Mensaje D / 00:00:00:180 / withdrawing(05) / ... para top(01)
Mensaje D / 00:00:00:180 / inputingamount(06) / ... para top(01)
Mensaje D / 00:00:00:180 / confirming(07) / ... para top(01)
Mensaje D / 00:00:00:180 / withdrawaldone(08) / ... para top(01)
Mensaje D / 00:00:00:180 / depositing(09) / 00:00:00:000 para top(01)
Mensaje D / 00:00:00:180 / insertingmoney(10) / ... para top(01)
Mensaje D / 00:00:00:180 / depositdone(11) / ... para top(01)
Mensaje D / 00:00:00:180 / top(01) / 00:00:00:000 para Root(00)
Mensaje * / 00:00:00:180 / Root(00) para top(01)
Mensaje * / 00:00:00:180 / top(01) para depositing(09)
Mensaje Y / 00:00:00:180 / depositing(09) / transitionout /      8.00000 para top(01)
Mensaje D / 00:00:00:180 / depositing(09) / ... para top(01)
Mensaje X / 00:00:00:180 / top(01) / transitionin /      8.00000 para insertingmoney(10)
Mensaje D / 00:00:00:180 / insertingmoney(10) / 00:00:00:000 para top(01)
Mensaje D / 00:00:00:180 / top(01) / 00:00:00:000 para Root(00)
Mensaje * / 00:00:00:180 / Root(00) para top(01)
Mensaje * / 00:00:00:180 / top(01) para insertingmoney(10)
Mensaje Y / 00:00:00:180 / insertingmoney(10) / stateout /      8.00000 para top(01)
Mensaje D / 00:00:00:180 / insertingmoney(10) / ... para top(01)
Mensaje Y / 00:00:00:180 / top(01) / insertingmoney /      8.00000 para Root(00)
Mensaje D / 00:00:00:180 / top(01) / ... para Root(00)
Mensaje X / 00:00:00:190 / Root(00) / in /     10.00000 para top(01)
Mensaje X / 00:00:00:190 / top(01) / eventin /     10.00000 para idle(02)
Mensaje X / 00:00:00:190 / top(01) / eventin /     10.00000 para checkingpin(03)
Mensaje X / 00:00:00:190 / top(01) / eventin /     10.00000 para selectingtransaction(04)
Mensaje X / 00:00:00:190 / top(01) / eventin /     10.00000 para withdrawing(05)
Mensaje X / 00:00:00:190 / top(01) / eventin /     10.00000 para inputingamount(06)
Mensaje X / 00:00:00:190 / top(01) / eventin /     10.00000 para confirming(07)
Mensaje X / 00:00:00:190 / top(01) / eventin /     10.00000 para withdrawaldone(08)
Mensaje X / 00:00:00:190 / top(01) / eventin /     10.00000 para depositing(09)
Mensaje X / 00:00:00:190 / top(01) / eventin /     10.00000 para insertingmoney(10)
Mensaje X / 00:00:00:190 / top(01) / eventin /     10.00000 para depositdone(11)
Mensaje D / 00:00:00:190 / idle(02) / ... para top(01)
Mensaje D / 00:00:00:190 / checkingpin(03) / ... para top(01)
Mensaje D / 00:00:00:190 / selectingtransaction(04) / ... para top(01)
Mensaje D / 00:00:00:190 / withdrawing(05) / ... para top(01)
Mensaje D / 00:00:00:190 / inputingamount(06) / ... para top(01)
Mensaje D / 00:00:00:190 / confirming(07) / ... para top(01)
Mensaje D / 00:00:00:190 / withdrawaldone(08) / ... para top(01)
Mensaje D / 00:00:00:190 / depositing(09) / ... para top(01)
Mensaje D / 00:00:00:190 / insertingmoney(10) / 00:00:00:000 para top(01)
Mensaje D / 00:00:00:190 / depositdone(11) / ... para top(01)
Mensaje D / 00:00:00:190 / top(01) / 00:00:00:000 para Root(00)
Mensaje * / 00:00:00:190 / Root(00) para top(01)
Mensaje * / 00:00:00:190 / top(01) para insertingmoney(10)
Mensaje Y / 00:00:00:190 / insertingmoney(10) / transitionout /      9.00000 para top(01)
Mensaje D / 00:00:00:190 / insertingmoney(10) / ... para top(01)
Mensaje X / 00:00:00:190 / top(01) / transitionin /      9.00000 para depositdone(11)
Mensaje D / 00:00:00:190 / depositdone(11) / 00:00:00:000 para top(01)
Mensaje D / 00:00:00:190 / top(01) / 00:00:00:000 para Root(00)
Mensaje * / 00:00:00:190 / Root(00) para top(01)
Mensaje * / 00:00:00:190 / top(01) para depositdone(11)
Mensaje Y / 00:00:00:190 / depositdone(11) / stateout /      9.00000 para top(01)
Mensaje D / 00:00:00:190 / depositdone(11) / ... para top(01)
Mensaje Y / 00:00:00:190 / top(01) / depositdone /      9.00000 para Root(00)
Mensaje D / 00:00:00:190 / top(01) / ... para Root(00)
Mensaje X / 00:00:00:200 / Root(00) / in /      8.00000 para top(01)
Mensaje X / 00:00:00:200 / top(01) / eventin /      8.00000 para idle(02)
Mensaje X / 00:00:00:200 / top(01) / eventin /      8.00000 para checkingpin(03)
Mensaje X / 00:00:00:200 / top(01) / eventin /      8.00000 para selectingtransaction(04)
Mensaje X / 00:00:00:200 / top(01) / eventin /      8.00000 para withdrawing(05)
Mensaje X / 00:00:00:200 / top(01) / eventin /      8.00000 para inputingamount(06)
Mensaje X / 00:00:00:200 / top(01) / eventin /      8.00000 para confirming(07)
Mensaje X / 00:00:00:200 / top(01) / eventin /      8.00000 para withdrawaldone(08)
Mensaje X / 00:00:00:200 / top(01) / eventin /      8.00000 para depositing(09)
Mensaje X / 00:00:00:200 / top(01) / eventin /      8.00000 para insertingmoney(10)
Mensaje X / 00:00:00:200 / top(01) / eventin /      8.00000 para depositdone(11)
Mensaje D / 00:00:00:200 / idle(02) / ... para top(01)
Mensaje D / 00:00:00:200 / checkingpin(03) / ... para top(01)
Mensaje D / 00:00:00:200 / selectingtransaction(04) / ... para top(01)
Mensaje D / 00:00:00:200 / withdrawing(05) / ... para top(01)
Mensaje D / 00:00:00:200 / inputingamount(06) / ... para top(01)
Mensaje D / 00:00:00:200 / confirming(07) / ... para top(01)
Mensaje D / 00:00:00:200 / withdrawaldone(08) / ... para top(01)
Mensaje D / 00:00:00:200 / depositing(09) / ... para top(01)
Mensaje D / 00:00:00:200 / insertingmoney(10) / ... para top(01)
Mensaje D / 00:00:00:200 / depositdone(11) / 00:00:00:000 para top(01)
Mensaje D / 00:00:00:200 / top(01) / 00:00:00:000 para Root(00)
Mensaje * / 00:00:00:200 / Root(00) para top(01)
Mensaje * / 00:00:00:200 / top(01) para depositdone(11)
Mensaje Y / 00:00:00:200 / depositdone(11) / transitionout /      0.00000 para top(01)
Mensaje D / 00:00:00:200 / depositdone(11) / ... para top(01)
Mensaje X / 00:00:00:200 / top(01) / transitionin /      0.00000 para idle(02)
Mensaje D / 00:00:00:200 / idle(02) / 00:00:00:000 para top(01)
Mensaje D / 00:00:00:200 / top(01) / 00:00:00:000 para Root(00)
Mensaje * / 00:00:00:200 / Root(00) para top(01)
Mensaje * / 00:00:00:200 / top(01) para idle(02)
Mensaje Y / 00:00:00:200 / idle(02) / stateout /      0.00000 para top(01)
Mensaje D / 00:00:00:200 / idle(02) / ... para top(01)
Mensaje Y / 00:00:00:200 / top(01) / idle /      0.00000 para Root(00)
Mensaje D / 00:00:00:200 / top(01) / ... para Root(00)
