Mensaje I / 00:00:00:000 / Root(00) para top(01)
Mensaje I / 00:00:00:000 / top(01) para moorestate(02)
Mensaje D / 00:00:00:000 / moorestate(02) / ... para top(01)
Mensaje D / 00:00:00:000 / top(01) / ... para Root(00)
Mensaje X / 00:00:02:000 / Root(00) / eventin /      1.00000 para top(01)
Mensaje X / 00:00:02:000 / top(01) / eventin /      1.00000 para moorestate(02)
Mensaje D / 00:00:02:000 / moorestate(02) / 00:00:00:000 para top(01)
Mensaje D / 00:00:02:000 / top(01) / 00:00:00:000 para Root(00)
Mensaje * / 00:00:02:000 / Root(00) para top(01)
Mensaje * / 00:00:02:000 / top(01) para moorestate(02)
Mensaje Y / 00:00:02:000 / moorestate(02) / transitionout /      0.00000 para top(01)
Mensaje D / 00:00:02:000 / moorestate(02) / ... para top(01)
Mensaje Y / 00:00:02:000 / top(01) / transitionout /      0.00000 para Root(00)
Mensaje X / 00:00:02:000 / top(01) / transitionin /      0.00000 para moorestate(02)
Mensaje D / 00:00:02:000 / moorestate(02) / 00:00:00:000 para top(01)
Mensaje D / 00:00:02:000 / top(01) / 00:00:00:000 para Root(00)
Mensaje * / 00:00:02:000 / Root(00) para top(01)
Mensaje * / 00:00:02:000 / top(01) para moorestate(02)
Mensaje Y / 00:00:02:000 / moorestate(02) / stateout /      1.00000 para top(01)
Mensaje D / 00:00:02:000 / moorestate(02) / ... para top(01)
Mensaje Y / 00:00:02:000 / top(01) / stateout /      1.00000 para Root(00)
Mensaje D / 00:00:02:000 / top(01) / ... para Root(00)
Mensaje X / 00:00:05:000 / Root(00) / eventin /      1.00000 para top(01)
Mensaje X / 00:00:05:000 / top(01) / eventin /      1.00000 para moorestate(02)
Mensaje D / 00:00:05:000 / moorestate(02) / 00:00:00:000 para top(01)
Mensaje D / 00:00:05:000 / top(01) / 00:00:00:000 para Root(00)
Mensaje * / 00:00:05:000 / Root(00) para top(01)
Mensaje * / 00:00:05:000 / top(01) para moorestate(02)
Mensaje Y / 00:00:05:000 / moorestate(02) / transitionout /      0.00000 para top(01)
Mensaje D / 00:00:05:000 / moorestate(02) / ... para top(01)
Mensaje Y / 00:00:05:000 / top(01) / transitionout /      0.00000 para Root(00)
Mensaje X / 00:00:05:000 / top(01) / transitionin /      0.00000 para moorestate(02)
Mensaje D / 00:00:05:000 / moorestate(02) / 00:00:00:000 para top(01)
Mensaje D / 00:00:05:000 / top(01) / 00:00:00:000 para Root(00)
Mensaje * / 00:00:05:000 / Root(00) para top(01)
Mensaje * / 00:00:05:000 / top(01) para moorestate(02)
Mensaje Y / 00:00:05:000 / moorestate(02) / stateout /      1.00000 para top(01)
Mensaje D / 00:00:05:000 / moorestate(02) / ... para top(01)
Mensaje Y / 00:00:05:000 / top(01) / stateout /      1.00000 para Root(00)
Mensaje D / 00:00:05:000 / top(01) / ... para Root(00)
Mensaje X / 00:00:10:000 / Root(00) / eventin /      0.00000 para top(01)
Mensaje X / 00:00:10:000 / top(01) / eventin /      0.00000 para moorestate(02)
Mensaje D / 00:00:10:000 / moorestate(02) / 00:00:00:000 para top(01)
Mensaje D / 00:00:10:000 / top(01) / 00:00:00:000 para Root(00)
Mensaje * / 00:00:10:000 / Root(00) para top(01)
Mensaje * / 00:00:10:000 / top(01) para moorestate(02)
Mensaje Y / 00:00:10:000 / moorestate(02) / transitionout /      1.00000 para top(01)
Mensaje D / 00:00:10:000 / moorestate(02) / ... para top(01)
Mensaje Y / 00:00:10:000 / top(01) / transitionout /      1.00000 para Root(00)
Mensaje X / 00:00:10:000 / top(01) / transitionin /      1.00000 para moorestate(02)
Mensaje D / 00:00:10:000 / moorestate(02) / ... para top(01)
Mensaje D / 00:00:10:000 / top(01) / ... para Root(00)
Mensaje X / 00:00:15:000 / Root(00) / eventin /      1.00000 para top(01)
Mensaje X / 00:00:15:000 / top(01) / eventin /      1.00000 para moorestate(02)
Mensaje D / 00:00:15:000 / moorestate(02) / ... para top(01)
Mensaje D / 00:00:15:000 / top(01) / ... para Root(00)
Mensaje X / 00:00:20:000 / Root(00) / eventin /      2.00000 para top(01)
Mensaje X / 00:00:20:000 / top(01) / eventin /      2.00000 para moorestate(02)
Mensaje D / 00:00:20:000 / moorestate(02) / ... para top(01)
Mensaje D / 00:00:20:000 / top(01) / ... para Root(00)
Mensaje X / 00:00:25:000 / Root(00) / transitionin /      0.00000 para top(01)
Mensaje X / 00:00:25:000 / top(01) / transitionin /      0.00000 para moorestate(02)
Mensaje D / 00:00:25:000 / moorestate(02) / 00:00:00:000 para top(01)
Mensaje D / 00:00:25:000 / top(01) / 00:00:00:000 para Root(00)
Mensaje * / 00:00:25:000 / Root(00) para top(01)
Mensaje * / 00:00:25:000 / top(01) para moorestate(02)
Mensaje Y / 00:00:25:000 / moorestate(02) / stateout /      1.00000 para top(01)
Mensaje D / 00:00:25:000 / moorestate(02) / ... para top(01)
Mensaje Y / 00:00:25:000 / top(01) / stateout /      1.00000 para Root(00)
Mensaje D / 00:00:25:000 / top(01) / ... para Root(00)
Mensaje X / 00:00:30:000 / Root(00) / eventin /      1.00000 para top(01)
Mensaje X / 00:00:30:000 / top(01) / eventin /      1.00000 para moorestate(02)
Mensaje D / 00:00:30:000 / moorestate(02) / 00:00:00:000 para top(01)
Mensaje D / 00:00:30:000 / top(01) / 00:00:00:000 para Root(00)
Mensaje * / 00:00:30:000 / Root(00) para top(01)
Mensaje * / 00:00:30:000 / top(01) para moorestate(02)
Mensaje Y / 00:00:30:000 / moorestate(02) / transitionout /      0.00000 para top(01)
Mensaje D / 00:00:30:000 / moorestate(02) / ... para top(01)
Mensaje Y / 00:00:30:000 / top(01) / transitionout /      0.00000 para Root(00)
Mensaje X / 00:00:30:000 / top(01) / transitionin /      0.00000 para moorestate(02)
Mensaje D / 00:00:30:000 / moorestate(02) / 00:00:00:000 para top(01)
Mensaje D / 00:00:30:000 / top(01) / 00:00:00:000 para Root(00)
Mensaje * / 00:00:30:000 / Root(00) para top(01)
Mensaje * / 00:00:30:000 / top(01) para moorestate(02)
Mensaje Y / 00:00:30:000 / moorestate(02) / stateout /      1.00000 para top(01)
Mensaje D / 00:00:30:000 / moorestate(02) / ... para top(01)
Mensaje Y / 00:00:30:000 / top(01) / stateout /      1.00000 para Root(00)
Mensaje D / 00:00:30:000 / top(01) / ... para Root(00)
Mensaje X / 00:00:33:000 / Root(00) / eventin /      2.00000 para top(01)
Mensaje X / 00:00:33:000 / top(01) / eventin /      2.00000 para moorestate(02)
Mensaje D / 00:00:33:000 / moorestate(02) / 00:00:00:000 para top(01)
Mensaje D / 00:00:33:000 / top(01) / 00:00:00:000 para Root(00)
Mensaje * / 00:00:33:000 / Root(00) para top(01)
Mensaje * / 00:00:33:000 / top(01) para moorestate(02)
Mensaje Y / 00:00:33:000 / moorestate(02) / errorout /   -999.00000 para top(01)
Mensaje D / 00:00:33:000 / moorestate(02) / ... para top(01)
Mensaje Y / 00:00:33:000 / top(01) / errorout /   -999.00000 para Root(00)
Mensaje D / 00:00:33:000 / top(01) / ... para Root(00)
Mensaje X / 00:00:35:000 / Root(00) / eventin /      1.00000 para top(01)
Mensaje X / 00:00:35:000 / top(01) / eventin /      1.00000 para moorestate(02)
Mensaje D / 00:00:35:000 / moorestate(02) / 00:00:00:000 para top(01)
Mensaje D / 00:00:35:000 / top(01) / 00:00:00:000 para Root(00)
Mensaje * / 00:00:35:000 / Root(00) para top(01)
Mensaje * / 00:00:35:000 / top(01) para moorestate(02)
Mensaje Y / 00:00:35:000 / moorestate(02) / transitionout /      0.00000 para top(01)
Mensaje D / 00:00:35:000 / moorestate(02) / ... para top(01)
Mensaje Y / 00:00:35:000 / top(01) / transitionout /      0.00000 para Root(00)
Mensaje X / 00:00:35:000 / top(01) / transitionin /      0.00000 para moorestate(02)
Mensaje D / 00:00:35:000 / moorestate(02) / 00:00:00:000 para top(01)
Mensaje D / 00:00:35:000 / top(01) / 00:00:00:000 para Root(00)
Mensaje * / 00:00:35:000 / Root(00) para top(01)
Mensaje * / 00:00:35:000 / top(01) para moorestate(02)
Mensaje Y / 00:00:35:000 / moorestate(02) / stateout /      1.00000 para top(01)
Mensaje D / 00:00:35:000 / moorestate(02) / ... para top(01)
Mensaje Y / 00:00:35:000 / top(01) / stateout /      1.00000 para Root(00)
Mensaje D / 00:00:35:000 / top(01) / ... para Root(00)
Mensaje X / 00:00:40:000 / Root(00) / eventin /      0.00000 para top(01)
Mensaje X / 00:00:40:000 / top(01) / eventin /      0.00000 para moorestate(02)
Mensaje D / 00:00:40:000 / moorestate(02) / 00:00:00:000 para top(01)
Mensaje D / 00:00:40:000 / top(01) / 00:00:00:000 para Root(00)
Mensaje * / 00:00:40:000 / Root(00) para top(01)
Mensaje * / 00:00:40:000 / top(01) para moorestate(02)
Mensaje Y / 00:00:40:000 / moorestate(02) / transitionout /      1.00000 para top(01)
Mensaje D / 00:00:40:000 / moorestate(02) / ... para top(01)
Mensaje Y / 00:00:40:000 / top(01) / transitionout /      1.00000 para Root(00)
Mensaje X / 00:00:40:000 / top(01) / transitionin /      1.00000 para moorestate(02)
Mensaje D / 00:00:40:000 / moorestate(02) / ... para top(01)
Mensaje D / 00:00:40:000 / top(01) / ... para Root(00)
