Mensaje I / 00:00:00:000 / Root(00) para top(01)
Mensaje I / 00:00:00:000 / top(01) para s0(02)
Mensaje I / 00:00:00:000 / top(01) para s1(03)
Mensaje I / 00:00:00:000 / top(01) para s2(04)
Mensaje D / 00:00:00:000 / s0(02) / ... para top(01)
Mensaje D / 00:00:00:000 / s1(03) / ... para top(01)
Mensaje D / 00:00:00:000 / s2(04) / ... para top(01)
Mensaje D / 00:00:00:000 / top(01) / ... para Root(00)
Mensaje X / 00:00:00:010 / Root(00) / in /      0.00000 para top(01)
Mensaje X / 00:00:00:010 / top(01) / eventin /      0.00000 para s0(02)
Mensaje X / 00:00:00:010 / top(01) / eventin /      0.00000 para s1(03)
Mensaje X / 00:00:00:010 / top(01) / eventin /      0.00000 para s2(04)
Mensaje D / 00:00:00:010 / s0(02) / 00:00:00:000 para top(01)
Mensaje D / 00:00:00:010 / s1(03) / ... para top(01)
Mensaje D / 00:00:00:010 / s2(04) / ... para top(01)
Mensaje D / 00:00:00:010 / top(01) / 00:00:00:000 para Root(00)
Mensaje * / 00:00:00:010 / Root(00) para top(01)
Mensaje * / 00:00:00:010 / top(01) para s0(02)
Mensaje Y / 00:00:00:010 / s0(02) / transitionout /      0.00000 para top(01)
Mensaje D / 00:00:00:010 / s0(02) / ... para top(01)
Mensaje X / 00:00:00:010 / top(01) / transitionin /      0.00000 para s0(02)
Mensaje X / 00:00:00:010 / top(01) / transitionin /      0.00000 para s1(03)
Mensaje D / 00:00:00:010 / s0(02) / 00:00:00:000 para top(01)
Mensaje D / 00:00:00:010 / s1(03) / ... para top(01)
Mensaje D / 00:00:00:010 / top(01) / 00:00:00:000 para Root(00)
Mensaje * / 00:00:00:010 / Root(00) para top(01)
Mensaje * / 00:00:00:010 / top(01) para s0(02)
Mensaje Y / 00:00:00:010 / s0(02) / stateout /      0.00000 para top(01)
Mensaje D / 00:00:00:010 / s0(02) / ... para top(01)
Mensaje Y / 00:00:00:010 / top(01) / s0 /      0.00000 para Root(00)
Mensaje D / 00:00:00:010 / top(01) / ... para Root(00)
Mensaje X / 00:00:00:020 / Root(00) / in /      1.00000 para top(01)
Mensaje X / 00:00:00:020 / top(01) / eventin /      1.00000 para s0(02)
Mensaje X / 00:00:00:020 / top(01) / eventin /      1.00000 para s1(03)
Mensaje X / 00:00:00:020 / top(01) / eventin /      1.00000 para s2(04)
Mensaje D / 00:00:00:020 / s0(02) / 00:00:00:000 para top(01)
Mensaje D / 00:00:00:020 / s1(03) / ... para top(01)
Mensaje D / 00:00:00:020 / s2(04) / ... para top(01)
Mensaje D / 00:00:00:020 / top(01) / 00:00:00:000 para Root(00)
Mensaje * / 00:00:00:020 / Root(00) para top(01)
Mensaje * / 00:00:00:020 / top(01) para s0(02)
Mensaje Y / 00:00:00:020 / s0(02) / transitionout /      1.00000 para top(01)
Mensaje D / 00:00:00:020 / s0(02) / ... para top(01)
Mensaje X / 00:00:00:020 / top(01) / transitionin /      1.00000 para s0(02)
Mensaje X / 00:00:00:020 / top(01) / transitionin /      1.00000 para s1(03)
Mensaje D / 00:00:00:020 / s0(02) / ... para top(01)
Mensaje D / 00:00:00:020 / s1(03) / 00:00:00:000 para top(01)
Mensaje D / 00:00:00:020 / top(01) / 00:00:00:000 para Root(00)
Mensaje * / 00:00:00:020 / Root(00) para top(01)
Mensaje * / 00:00:00:020 / top(01) para s1(03)
Mensaje Y / 00:00:00:020 / s1(03) / stateout /      0.00000 para top(01)
Mensaje D / 00:00:00:020 / s1(03) / ... para top(01)
Mensaje Y / 00:00:00:020 / top(01) / s1 /      0.00000 para Root(00)
Mensaje D / 00:00:00:020 / top(01) / ... para Root(00)
Mensaje X / 00:00:00:030 / Root(00) / in /      1.00000 para top(01)
Mensaje X / 00:00:00:030 / top(01) / eventin /      1.00000 para s0(02)
Mensaje X / 00:00:00:030 / top(01) / eventin /      1.00000 para s1(03)
Mensaje X / 00:00:00:030 / top(01) / eventin /      1.00000 para s2(04)
Mensaje D / 00:00:00:030 / s0(02) / ... para top(01)
Mensaje D / 00:00:00:030 / s1(03) / 00:00:00:000 para top(01)
Mensaje D / 00:00:00:030 / s2(04) / ... para top(01)
Mensaje D / 00:00:00:030 / top(01) / 00:00:00:000 para Root(00)
Mensaje * / 00:00:00:030 / Root(00) para top(01)
Mensaje * / 00:00:00:030 / top(01) para s1(03)
Mensaje Y / 00:00:00:030 / s1(03) / transitionout /      2.00000 para top(01)
Mensaje D / 00:00:00:030 / s1(03) / ... para top(01)
Mensaje X / 00:00:00:030 / top(01) / transitionin /      2.00000 para s0(02)
Mensaje X / 00:00:00:030 / top(01) / transitionin /      2.00000 para s2(04)
Mensaje D / 00:00:00:030 / s0(02) / ... para top(01)
Mensaje D / 00:00:00:030 / s2(04) / 00:00:00:000 para top(01)
Mensaje D / 00:00:00:030 / top(01) / 00:00:00:000 para Root(00)
Mensaje * / 00:00:00:030 / Root(00) para top(01)
Mensaje * / 00:00:00:030 / top(01) para s2(04)
Mensaje Y / 00:00:00:030 / s2(04) / stateout /      1.00000 para top(01)
Mensaje D / 00:00:00:030 / s2(04) / ... para top(01)
Mensaje Y / 00:00:00:030 / top(01) / s2 /      1.00000 para Root(00)
Mensaje D / 00:00:00:030 / top(01) / ... para Root(00)
Mensaje X / 00:00:00:040 / Root(00) / in /      1.00000 para top(01)
Mensaje X / 00:00:00:040 / top(01) / eventin /      1.00000 para s0(02)
Mensaje X / 00:00:00:040 / top(01) / eventin /      1.00000 para s1(03)
Mensaje X / 00:00:00:040 / top(01) / eventin /      1.00000 para s2(04)
Mensaje D / 00:00:00:040 / s0(02) / ... para top(01)
Mensaje D / 00:00:00:040 / s1(03) / ... para top(01)
Mensaje D / 00:00:00:040 / s2(04) / 00:00:00:000 para top(01)
Mensaje D / 00:00:00:040 / top(01) / 00:00:00:000 para Root(00)
Mensaje * / 00:00:00:040 / Root(00) para top(01)
Mensaje * / 00:00:00:040 / top(01) para s2(04)
Mensaje Y / 00:00:00:040 / s2(04) / transitionout /      2.00000 para top(01)
Mensaje D / 00:00:00:040 / s2(04) / ... para top(01)
Mensaje X / 00:00:00:040 / top(01) / transitionin /      2.00000 para s0(02)
Mensaje X / 00:00:00:040 / top(01) / transitionin /      2.00000 para s2(04)
Mensaje D / 00:00:00:040 / s0(02) / ... para top(01)
Mensaje D / 00:00:00:040 / s2(04) / 00:00:00:000 para top(01)
Mensaje D / 00:00:00:040 / top(01) / 00:00:00:000 para Root(00)
Mensaje * / 00:00:00:040 / Root(00) para top(01)
Mensaje * / 00:00:00:040 / top(01) para s2(04)
Mensaje Y / 00:00:00:040 / s2(04) / stateout /      1.00000 para top(01)
Mensaje D / 00:00:00:040 / s2(04) / ... para top(01)
Mensaje Y / 00:00:00:040 / top(01) / s2 /      1.00000 para Root(00)
Mensaje D / 00:00:00:040 / top(01) / ... para Root(00)
Mensaje X / 00:00:00:050 / Root(00) / in /      0.00000 para top(01)
Mensaje X / 00:00:00:050 / top(01) / eventin /      0.00000 para s0(02)
Mensaje X / 00:00:00:050 / top(01) / eventin /      0.00000 para s1(03)
Mensaje X / 00:00:00:050 / top(01) / eventin /      0.00000 para s2(04)
Mensaje D / 00:00:00:050 / s0(02) / ... para top(01)
Mensaje D / 00:00:00:050 / s1(03) / ... para top(01)
Mensaje D / 00:00:00:050 / s2(04) / 00:00:00:000 para top(01)
Mensaje D / 00:00:00:050 / top(01) / 00:00:00:000 para Root(00)
Mensaje * / 00:00:00:050 / Root(00) para top(01)
Mensaje * / 00:00:00:050 / top(01) para s2(04)
Mensaje Y / 00:00:00:050 / s2(04) / transitionout /      0.00000 para top(01)
Mensaje D / 00:00:00:050 / s2(04) / ... para top(01)
Mensaje X / 00:00:00:050 / top(01) / transitionin /      0.00000 para s0(02)
Mensaje X / 00:00:00:050 / top(01) / transitionin /      0.00000 para s2(04)
Mensaje D / 00:00:00:050 / s0(02) / 00:00:00:000 para top(01)
Mensaje D / 00:00:00:050 / s2(04) / ... para top(01)
Mensaje D / 00:00:00:050 / top(01) / 00:00:00:000 para Root(00)
Mensaje * / 00:00:00:050 / Root(00) para top(01)
Mensaje * / 00:00:00:050 / top(01) para s0(02)
Mensaje Y / 00:00:00:050 / s0(02) / stateout /      0.00000 para top(01)
Mensaje D / 00:00:00:050 / s0(02) / ... para top(01)
Mensaje Y / 00:00:00:050 / top(01) / s0 /      0.00000 para Root(00)
Mensaje D / 00:00:00:050 / top(01) / ... para Root(00)
Mensaje X / 00:00:00:060 / Root(00) / in /      0.00000 para top(01)
Mensaje X / 00:00:00:060 / top(01) / eventin /      0.00000 para s0(02)
Mensaje X / 00:00:00:060 / top(01) / eventin /      0.00000 para s1(03)
Mensaje X / 00:00:00:060 / top(01) / eventin /      0.00000 para s2(04)
Mensaje D / 00:00:00:060 / s0(02) / 00:00:00:000 para top(01)
Mensaje D / 00:00:00:060 / s1(03) / ... para top(01)
Mensaje D / 00:00:00:060 / s2(04) / ... para top(01)
Mensaje D / 00:00:00:060 / top(01) / 00:00:00:000 para Root(00)
Mensaje * / 00:00:00:060 / Root(00) para top(01)
Mensaje * / 00:00:00:060 / top(01) para s0(02)
Mensaje Y / 00:00:00:060 / s0(02) / transitionout /      0.00000 para top(01)
Mensaje D / 00:00:00:060 / s0(02) / ... para top(01)
Mensaje X / 00:00:00:060 / top(01) / transitionin /      0.00000 para s0(02)
Mensaje X / 00:00:00:060 / top(01) / transitionin /      0.00000 para s1(03)
Mensaje D / 00:00:00:060 / s0(02) / 00:00:00:000 para top(01)
Mensaje D / 00:00:00:060 / s1(03) / ... para top(01)
Mensaje D / 00:00:00:060 / top(01) / 00:00:00:000 para Root(00)
Mensaje * / 00:00:00:060 / Root(00) para top(01)
Mensaje * / 00:00:00:060 / top(01) para s0(02)
Mensaje Y / 00:00:00:060 / s0(02) / stateout /      0.00000 para top(01)
Mensaje D / 00:00:00:060 / s0(02) / ... para top(01)
Mensaje Y / 00:00:00:060 / top(01) / s0 /      0.00000 para Root(00)
Mensaje D / 00:00:00:060 / top(01) / ... para Root(00)
Mensaje X / 00:00:00:070 / Root(00) / in /      1.00000 para top(01)
Mensaje X / 00:00:00:070 / top(01) / eventin /      1.00000 para s0(02)
Mensaje X / 00:00:00:070 / top(01) / eventin /      1.00000 para s1(03)
Mensaje X / 00:00:00:070 / top(01) / eventin /      1.00000 para s2(04)
Mensaje D / 00:00:00:070 / s0(02) / 00:00:00:000 para top(01)
Mensaje D / 00:00:00:070 / s1(03) / ... para top(01)
Mensaje D / 00:00:00:070 / s2(04) / ... para top(01)
Mensaje D / 00:00:00:070 / top(01) / 00:00:00:000 para Root(00)
Mensaje * / 00:00:00:070 / Root(00) para top(01)
Mensaje * / 00:00:00:070 / top(01) para s0(02)
Mensaje Y / 00:00:00:070 / s0(02) / transitionout /      1.00000 para top(01)
Mensaje D / 00:00:00:070 / s0(02) / ... para top(01)
Mensaje X / 00:00:00:070 / top(01) / transitionin /      1.00000 para s0(02)
Mensaje X / 00:00:00:070 / top(01) / transitionin /      1.00000 para s1(03)
Mensaje D / 00:00:00:070 / s0(02) / ... para top(01)
Mensaje D / 00:00:00:070 / s1(03) / 00:00:00:000 para top(01)
Mensaje D / 00:00:00:070 / top(01) / 00:00:00:000 para Root(00)
Mensaje * / 00:00:00:070 / Root(00) para top(01)
Mensaje * / 00:00:00:070 / top(01) para s1(03)
Mensaje Y / 00:00:00:070 / s1(03) / stateout /      0.00000 para top(01)
Mensaje D / 00:00:00:070 / s1(03) / ... para top(01)
Mensaje Y / 00:00:00:070 / top(01) / s1 /      0.00000 para Root(00)
Mensaje D / 00:00:00:070 / top(01) / ... para Root(00)
Mensaje X / 00:00:00:080 / Root(00) / in /      0.00000 para top(01)
Mensaje X / 00:00:00:080 / top(01) / eventin /      0.00000 para s0(02)
Mensaje X / 00:00:00:080 / top(01) / eventin /      0.00000 para s1(03)
Mensaje X / 00:00:00:080 / top(01) / eventin /      0.00000 para s2(04)
Mensaje D / 00:00:00:080 / s0(02) / ... para top(01)
Mensaje D / 00:00:00:080 / s1(03) / 00:00:00:000 para top(01)
Mensaje D / 00:00:00:080 / s2(04) / ... para top(01)
Mensaje D / 00:00:00:080 / top(01) / 00:00:00:000 para Root(00)
Mensaje * / 00:00:00:080 / Root(00) para top(01)
Mensaje * / 00:00:00:080 / top(01) para s1(03)
Mensaje Y / 00:00:00:080 / s1(03) / transitionout /      0.00000 para top(01)
Mensaje D / 00:00:00:080 / s1(03) / ... para top(01)
Mensaje X / 00:00:00:080 / top(01) / transitionin /      0.00000 para s0(02)
Mensaje X / 00:00:00:080 / top(01) / transitionin /      0.00000 para s2(04)
Mensaje D / 00:00:00:080 / s0(02) / 00:00:00:000 para top(01)
Mensaje D / 00:00:00:080 / s2(04) / ... para top(01)
Mensaje D / 00:00:00:080 / top(01) / 00:00:00:000 para Root(00)
Mensaje * / 00:00:00:080 / Root(00) para top(01)
Mensaje * / 00:00:00:080 / top(01) para s0(02)
Mensaje Y / 00:00:00:080 / s0(02) / stateout /      0.00000 para top(01)
Mensaje D / 00:00:00:080 / s0(02) / ... para top(01)
Mensaje Y / 00:00:00:080 / top(01) / s0 /      0.00000 para Root(00)
Mensaje D / 00:00:00:080 / top(01) / ... para Root(00)
Mensaje X / 00:00:00:090 / Root(00) / in /      0.00000 para top(01)
Mensaje X / 00:00:00:090 / top(01) / eventin /      0.00000 para s0(02)
Mensaje X / 00:00:00:090 / top(01) / eventin /      0.00000 para s1(03)
Mensaje X / 00:00:00:090 / top(01) / eventin /      0.00000 para s2(04)
Mensaje D / 00:00:00:090 / s0(02) / 00:00:00:000 para top(01)
Mensaje D / 00:00:00:090 / s1(03) / ... para top(01)
Mensaje D / 00:00:00:090 / s2(04) / ... para top(01)
Mensaje D / 00:00:00:090 / top(01) / 00:00:00:000 para Root(00)
Mensaje * / 00:00:00:090 / Root(00) para top(01)
Mensaje * / 00:00:00:090 / top(01) para s0(02)
Mensaje Y / 00:00:00:090 / s0(02) / transitionout /      0.00000 para top(01)
Mensaje D / 00:00:00:090 / s0(02) / ... para top(01)
Mensaje X / 00:00:00:090 / top(01) / transitionin /      0.00000 para s0(02)
Mensaje X / 00:00:00:090 / top(01) / transitionin /      0.00000 para s1(03)
Mensaje D / 00:00:00:090 / s0(02) / 00:00:00:000 para top(01)
Mensaje D / 00:00:00:090 / s1(03) / ... para top(01)
Mensaje D / 00:00:00:090 / top(01) / 00:00:00:000 para Root(00)
Mensaje * / 00:00:00:090 / Root(00) para top(01)
Mensaje * / 00:00:00:090 / top(01) para s0(02)
Mensaje Y / 00:00:00:090 / s0(02) / stateout /      0.00000 para top(01)
Mensaje D / 00:00:00:090 / s0(02) / ... para top(01)
Mensaje Y / 00:00:00:090 / top(01) / s0 /      0.00000 para Root(00)
Mensaje D / 00:00:00:090 / top(01) / ... para Root(00)
Mensaje X / 00:00:00:100 / Root(00) / in /      0.00000 para top(01)
Mensaje X / 00:00:00:100 / top(01) / eventin /      0.00000 para s0(02)
Mensaje X / 00:00:00:100 / top(01) / eventin /      0.00000 para s1(03)
Mensaje X / 00:00:00:100 / top(01) / eventin /      0.00000 para s2(04)
Mensaje D / 00:00:00:100 / s0(02) / 00:00:00:000 para top(01)
Mensaje D / 00:00:00:100 / s1(03) / ... para top(01)
Mensaje D / 00:00:00:100 / s2(04) / ... para top(01)
Mensaje D / 00:00:00:100 / top(01) / 00:00:00:000 para Root(00)
Mensaje * / 00:00:00:100 / Root(00) para top(01)
Mensaje * / 00:00:00:100 / top(01) para s0(02)
Mensaje Y / 00:00:00:100 / s0(02) / transitionout /      0.00000 para top(01)
Mensaje D / 00:00:00:100 / s0(02) / ... para top(01)
Mensaje X / 00:00:00:100 / top(01) / transitionin /      0.00000 para s0(02)
Mensaje X / 00:00:00:100 / top(01) / transitionin /      0.00000 para s1(03)
Mensaje D / 00:00:00:100 / s0(02) / 00:00:00:000 para top(01)
Mensaje D / 00:00:00:100 / s1(03) / ... para top(01)
Mensaje D / 00:00:00:100 / top(01) / 00:00:00:000 para Root(00)
Mensaje * / 00:00:00:100 / Root(00) para top(01)
Mensaje * / 00:00:00:100 / top(01) para s0(02)
Mensaje Y / 00:00:00:100 / s0(02) / stateout /      0.00000 para top(01)
Mensaje D / 00:00:00:100 / s0(02) / ... para top(01)
Mensaje Y / 00:00:00:100 / top(01) / s0 /      0.00000 para Root(00)
Mensaje D / 00:00:00:100 / top(01) / ... para Root(00)
Mensaje X / 00:00:00:110 / Root(00) / in /      1.00000 para top(01)
Mensaje X / 00:00:00:110 / top(01) / eventin /      1.00000 para s0(02)
Mensaje X / 00:00:00:110 / top(01) / eventin /      1.00000 para s1(03)
Mensaje X / 00:00:00:110 / top(01) / eventin /      1.00000 para s2(04)
Mensaje D / 00:00:00:110 / s0(02) / 00:00:00:000 para top(01)
Mensaje D / 00:00:00:110 / s1(03) / ... para top(01)
Mensaje D / 00:00:00:110 / s2(04) / ... para top(01)
Mensaje D / 00:00:00:110 / top(01) / 00:00:00:000 para Root(00)
Mensaje * / 00:00:00:110 / Root(00) para top(01)
Mensaje * / 00:00:00:110 / top(01) para s0(02)
Mensaje Y / 00:00:00:110 / s0(02) / transitionout /      1.00000 para top(01)
Mensaje D / 00:00:00:110 / s0(02) / ... para top(01)
Mensaje X / 00:00:00:110 / top(01) / transitionin /      1.00000 para s0(02)
Mensaje X / 00:00:00:110 / top(01) / transitionin /      1.00000 para s1(03)
Mensaje D / 00:00:00:110 / s0(02) / ... para top(01)
Mensaje D / 00:00:00:110 / s1(03) / 00:00:00:000 para top(01)
Mensaje D / 00:00:00:110 / top(01) / 00:00:00:000 para Root(00)
Mensaje * / 00:00:00:110 / Root(00) para top(01)
Mensaje * / 00:00:00:110 / top(01) para s1(03)
Mensaje Y / 00:00:00:110 / s1(03) / stateout /      0.00000 para top(01)
Mensaje D / 00:00:00:110 / s1(03) / ... para top(01)
Mensaje Y / 00:00:00:110 / top(01) / s1 /      0.00000 para Root(00)
Mensaje D / 00:00:00:110 / top(01) / ... para Root(00)
Mensaje X / 00:00:00:120 / Root(00) / in /      0.00000 para top(01)
Mensaje X / 00:00:00:120 / top(01) / eventin /      0.00000 para s0(02)
Mensaje X / 00:00:00:120 / top(01) / eventin /      0.00000 para s1(03)
Mensaje X / 00:00:00:120 / top(01) / eventin /      0.00000 para s2(04)
Mensaje D / 00:00:00:120 / s0(02) / ... para top(01)
Mensaje D / 00:00:00:120 / s1(03) / 00:00:00:000 para top(01)
Mensaje D / 00:00:00:120 / s2(04) / ... para top(01)
Mensaje D / 00:00:00:120 / top(01) / 00:00:00:000 para Root(00)
Mensaje * / 00:00:00:120 / Root(00) para top(01)
Mensaje * / 00:00:00:120 / top(01) para s1(03)
Mensaje Y / 00:00:00:120 / s1(03) / transitionout /      0.00000 para top(01)
Mensaje D / 00:00:00:120 / s1(03) / ... para top(01)
Mensaje X / 00:00:00:120 / top(01) / transitionin /      0.00000 para s0(02)
Mensaje X / 00:00:00:120 / top(01) / transitionin /      0.00000 para s2(04)
Mensaje D / 00:00:00:120 / s0(02) / 00:00:00:000 para top(01)
Mensaje D / 00:00:00:120 / s2(04) / ... para top(01)
Mensaje D / 00:00:00:120 / top(01) / 00:00:00:000 para Root(00)
Mensaje * / 00:00:00:120 / Root(00) para top(01)
Mensaje * / 00:00:00:120 / top(01) para s0(02)
Mensaje Y / 00:00:00:120 / s0(02) / stateout /      0.00000 para top(01)
Mensaje D / 00:00:00:120 / s0(02) / ... para top(01)
Mensaje Y / 00:00:00:120 / top(01) / s0 /      0.00000 para Root(00)
Mensaje D / 00:00:00:120 / top(01) / ... para Root(00)
Mensaje X / 00:00:00:130 / Root(00) / in /      1.00000 para top(01)
Mensaje X / 00:00:00:130 / top(01) / eventin /      1.00000 para s0(02)
Mensaje X / 00:00:00:130 / top(01) / eventin /      1.00000 para s1(03)
Mensaje X / 00:00:00:130 / top(01) / eventin /      1.00000 para s2(04)
Mensaje D / 00:00:00:130 / s0(02) / 00:00:00:000 para top(01)
Mensaje D / 00:00:00:130 / s1(03) / ... para top(01)
Mensaje D / 00:00:00:130 / s2(04) / ... para top(01)
Mensaje D / 00:00:00:130 / top(01) / 00:00:00:000 para Root(00)
Mensaje * / 00:00:00:130 / Root(00) para top(01)
Mensaje * / 00:00:00:130 / top(01) para s0(02)
Mensaje Y / 00:00:00:130 / s0(02) / transitionout /      1.00000 para top(01)
Mensaje D / 00:00:00:130 / s0(02) / ... para top(01)
Mensaje X / 00:00:00:130 / top(01) / transitionin /      1.00000 para s0(02)
Mensaje X / 00:00:00:130 / top(01) / transitionin /      1.00000 para s1(03)
Mensaje D / 00:00:00:130 / s0(02) / ... para top(01)
Mensaje D / 00:00:00:130 / s1(03) / 00:00:00:000 para top(01)
Mensaje D / 00:00:00:130 / top(01) / 00:00:00:000 para Root(00)
Mensaje * / 00:00:00:130 / Root(00) para top(01)
Mensaje * / 00:00:00:130 / top(01) para s1(03)
Mensaje Y / 00:00:00:130 / s1(03) / stateout /      0.00000 para top(01)
Mensaje D / 00:00:00:130 / s1(03) / ... para top(01)
Mensaje Y / 00:00:00:130 / top(01) / s1 /      0.00000 para Root(00)
Mensaje D / 00:00:00:130 / top(01) / ... para Root(00)
Mensaje X / 00:00:00:140 / Root(00) / in /      1.00000 para top(01)
Mensaje X / 00:00:00:140 / top(01) / eventin /      1.00000 para s0(02)
Mensaje X / 00:00:00:140 / top(01) / eventin /      1.00000 para s1(03)
Mensaje X / 00:00:00:140 / top(01) / eventin /      1.00000 para s2(04)
Mensaje D / 00:00:00:140 / s0(02) / ... para top(01)
Mensaje D / 00:00:00:140 / s1(03) / 00:00:00:000 para top(01)
Mensaje D / 00:00:00:140 / s2(04) / ... para top(01)
Mensaje D / 00:00:00:140 / top(01) / 00:00:00:000 para Root(00)
Mensaje * / 00:00:00:140 / Root(00) para top(01)
Mensaje * / 00:00:00:140 / top(01) para s1(03)
Mensaje Y / 00:00:00:140 / s1(03) / transitionout /      2.00000 para top(01)
Mensaje D / 00:00:00:140 / s1(03) / ... para top(01)
Mensaje X / 00:00:00:140 / top(01) / transitionin /      2.00000 para s0(02)
Mensaje X / 00:00:00:140 / top(01) / transitionin /      2.00000 para s2(04)
Mensaje D / 00:00:00:140 / s0(02) / ... para top(01)
Mensaje D / 00:00:00:140 / s2(04) / 00:00:00:000 para top(01)
Mensaje D / 00:00:00:140 / top(01) / 00:00:00:000 para Root(00)
Mensaje * / 00:00:00:140 / Root(00) para top(01)
Mensaje * / 00:00:00:140 / top(01) para s2(04)
Mensaje Y / 00:00:00:140 / s2(04) / stateout /      1.00000 para top(01)
Mensaje D / 00:00:00:140 / s2(04) / ... para top(01)
Mensaje Y / 00:00:00:140 / top(01) / s2 /      1.00000 para Root(00)
Mensaje D / 00:00:00:140 / top(01) / ... para Root(00)
Mensaje X / 00:00:00:150 / Root(00) / in /      0.00000 para top(01)
Mensaje X / 00:00:00:150 / top(01) / eventin /      0.00000 para s0(02)
Mensaje X / 00:00:00:150 / top(01) / eventin /      0.00000 para s1(03)
Mensaje X / 00:00:00:150 / top(01) / eventin /      0.00000 para s2(04)
Mensaje D / 00:00:00:150 / s0(02) / ... para top(01)
Mensaje D / 00:00:00:150 / s1(03) / ... para top(01)
Mensaje D / 00:00:00:150 / s2(04) / 00:00:00:000 para top(01)
Mensaje D / 00:00:00:150 / top(01) / 00:00:00:000 para Root(00)
Mensaje * / 00:00:00:150 / Root(00) para top(01)
Mensaje * / 00:00:00:150 / top(01) para s2(04)
Mensaje Y / 00:00:00:150 / s2(04) / transitionout /      0.00000 para top(01)
Mensaje D / 00:00:00:150 / s2(04) / ... para top(01)
Mensaje X / 00:00:00:150 / top(01) / transitionin /      0.00000 para s0(02)
Mensaje X / 00:00:00:150 / top(01) / transitionin /      0.00000 para s2(04)
Mensaje D / 00:00:00:150 / s0(02) / 00:00:00:000 para top(01)
Mensaje D / 00:00:00:150 / s2(04) / ... para top(01)
Mensaje D / 00:00:00:150 / top(01) / 00:00:00:000 para Root(00)
Mensaje * / 00:00:00:150 / Root(00) para top(01)
Mensaje * / 00:00:00:150 / top(01) para s0(02)
Mensaje Y / 00:00:00:150 / s0(02) / stateout /      0.00000 para top(01)
Mensaje D / 00:00:00:150 / s0(02) / ... para top(01)
Mensaje Y / 00:00:00:150 / top(01) / s0 /      0.00000 para Root(00)
Mensaje D / 00:00:00:150 / top(01) / ... para Root(00)
