Mensaje I / 00:00:00:000 / Root(00) para top(01)
Mensaje I / 00:00:00:000 / top(01) para idle(02)
Mensaje I / 00:00:00:000 / top(01) para gettingnumber(03)
Mensaje I / 00:00:00:000 / top(01) para ringingaside(04)
Mensaje I / 00:00:00:000 / top(01) para ringingbside(05)
Mensaje I / 00:00:00:000 / top(01) para speech(06)
Mensaje I / 00:00:00:000 / top(01) para waitonhook(07)
Mensaje D / 00:00:00:000 / idle(02) / ... para top(01)
Mensaje D / 00:00:00:000 / gettingnumber(03) / ... para top(01)
Mensaje D / 00:00:00:000 / ringingaside(04) / ... para top(01)
Mensaje D / 00:00:00:000 / ringingbside(05) / ... para top(01)
Mensaje D / 00:00:00:000 / speech(06) / ... para top(01)
Mensaje D / 00:00:00:000 / waitonhook(07) / ... para top(01)
Mensaje D / 00:00:00:000 / top(01) / ... para Root(00)
Mensaje X / 00:00:00:010 / Root(00) / in /      0.00000 para top(01)
Mensaje X / 00:00:00:010 / top(01) / eventin /      0.00000 para idle(02)
Mensaje X / 00:00:00:010 / top(01) / eventin /      0.00000 para gettingnumber(03)
Mensaje X / 00:00:00:010 / top(01) / eventin /      0.00000 para ringingaside(04)
Mensaje X / 00:00:00:010 / top(01) / eventin /      0.00000 para ringingbside(05)
Mensaje X / 00:00:00:010 / top(01) / eventin /      0.00000 para speech(06)
Mensaje X / 00:00:00:010 / top(01) / eventin /      0.00000 para waitonhook(07)
Mensaje D / 00:00:00:010 / idle(02) / 00:00:00:000 para top(01)
Mensaje D / 00:00:00:010 / gettingnumber(03) / ... para top(01)
Mensaje D / 00:00:00:010 / ringingaside(04) / ... para top(01)
Mensaje D / 00:00:00:010 / ringingbside(05) / ... para top(01)
Mensaje D / 00:00:00:010 / speech(06) / ... para top(01)
Mensaje D / 00:00:00:010 / waitonhook(07) / ... para top(01)
Mensaje D / 00:00:00:010 / top(01) / 00:00:00:000 para Root(00)
Mensaje * / 00:00:00:010 / Root(00) para top(01)
Mensaje * / 00:00:00:010 / top(01) para idle(02)
Mensaje Y / 00:00:00:010 / idle(02) / transitionout /      1.00000 para top(01)
Mensaje D / 00:00:00:010 / idle(02) / ... para top(01)
Mensaje X / 00:00:00:010 / top(01) / transitionin /      1.00000 para gettingnumber(03)
Mensaje X / 00:00:00:010 / top(01) / transitionin /      1.00000 para ringingbside(05)
Mensaje D / 00:00:00:010 / gettingnumber(03) / 00:00:00:000 para top(01)
Mensaje D / 00:00:00:010 / ringingbside(05) / ... para top(01)
Mensaje D / 00:00:00:010 / top(01) / 00:00:00:000 para Root(00)
Mensaje * / 00:00:00:010 / Root(00) para top(01)
Mensaje * / 00:00:00:010 / top(01) para gettingnumber(03)
Mensaje Y / 00:00:00:010 / gettingnumber(03) / stateout /      1.00000 para top(01)
Mensaje D / 00:00:00:010 / gettingnumber(03) / ... para top(01)
Mensaje Y / 00:00:00:010 / top(01) / gettingnumber /      1.00000 para Root(00)
Mensaje D / 00:00:00:010 / top(01) / ... para Root(00)
Mensaje X / 00:00:00:020 / Root(00) / in /      1.00000 para top(01)
Mensaje X / 00:00:00:020 / top(01) / eventin /      1.00000 para idle(02)
Mensaje X / 00:00:00:020 / top(01) / eventin /      1.00000 para gettingnumber(03)
Mensaje X / 00:00:00:020 / top(01) / eventin /      1.00000 para ringingaside(04)
Mensaje X / 00:00:00:020 / top(01) / eventin /      1.00000 para ringingbside(05)
Mensaje X / 00:00:00:020 / top(01) / eventin /      1.00000 para speech(06)
Mensaje X / 00:00:00:020 / top(01) / eventin /      1.00000 para waitonhook(07)
Mensaje D / 00:00:00:020 / idle(02) / ... para top(01)
Mensaje D / 00:00:00:020 / gettingnumber(03) / 00:00:00:000 para top(01)
Mensaje D / 00:00:00:020 / ringingaside(04) / ... para top(01)
Mensaje D / 00:00:00:020 / ringingbside(05) / ... para top(01)
Mensaje D / 00:00:00:020 / speech(06) / ... para top(01)
Mensaje D / 00:00:00:020 / waitonhook(07) / ... para top(01)
Mensaje D / 00:00:00:020 / top(01) / 00:00:00:000 para Root(00)
Mensaje * / 00:00:00:020 / Root(00) para top(01)
Mensaje * / 00:00:00:020 / top(01) para gettingnumber(03)
Mensaje Y / 00:00:00:020 / gettingnumber(03) / transitionout /      2.00000 para top(01)
Mensaje D / 00:00:00:020 / gettingnumber(03) / ... para top(01)
Mensaje X / 00:00:00:020 / top(01) / transitionin /      2.00000 para idle(02)
Mensaje X / 00:00:00:020 / top(01) / transitionin /      2.00000 para ringingaside(04)
Mensaje X / 00:00:00:020 / top(01) / transitionin /      2.00000 para waitonhook(07)
Mensaje D / 00:00:00:020 / idle(02) / ... para top(01)
Mensaje D / 00:00:00:020 / ringingaside(04) / 00:00:00:000 para top(01)
Mensaje D / 00:00:00:020 / waitonhook(07) / ... para top(01)
Mensaje D / 00:00:00:020 / top(01) / 00:00:00:000 para Root(00)
Mensaje * / 00:00:00:020 / Root(00) para top(01)
Mensaje * / 00:00:00:020 / top(01) para ringingaside(04)
Mensaje Y / 00:00:00:020 / ringingaside(04) / stateout /      2.00000 para top(01)
Mensaje D / 00:00:00:020 / ringingaside(04) / ... para top(01)
Mensaje Y / 00:00:00:020 / top(01) / ringingaside /      2.00000 para Root(00)
Mensaje D / 00:00:00:020 / top(01) / ... para Root(00)
Mensaje X / 00:00:00:030 / Root(00) / in /      2.00000 para top(01)
Mensaje X / 00:00:00:030 / top(01) / eventin /      2.00000 para idle(02)
Mensaje X / 00:00:00:030 / top(01) / eventin /      2.00000 para gettingnumber(03)
Mensaje X / 00:00:00:030 / top(01) / eventin /      2.00000 para ringingaside(04)
Mensaje X / 00:00:00:030 / top(01) / eventin /      2.00000 para ringingbside(05)
Mensaje X / 00:00:00:030 / top(01) / eventin /      2.00000 para speech(06)
Mensaje X / 00:00:00:030 / top(01) / eventin /      2.00000 para waitonhook(07)
Mensaje D / 00:00:00:030 / idle(02) / ... para top(01)
Mensaje D / 00:00:00:030 / gettingnumber(03) / ... para top(01)
Mensaje D / 00:00:00:030 / ringingaside(04) / 00:00:00:000 para top(01)
Mensaje D / 00:00:00:030 / ringingbside(05) / ... para top(01)
Mensaje D / 00:00:00:030 / speech(06) / ... para top(01)
Mensaje D / 00:00:00:030 / waitonhook(07) / ... para top(01)
Mensaje D / 00:00:00:030 / top(01) / 00:00:00:000 para Root(00)
Mensaje * / 00:00:00:030 / Root(00) para top(01)
Mensaje * / 00:00:00:030 / top(01) para ringingaside(04)
Mensaje Y / 00:00:00:030 / ringingaside(04) / transitionout /      4.00000 para top(01)
Mensaje D / 00:00:00:030 / ringingaside(04) / ... para top(01)
Mensaje X / 00:00:00:030 / top(01) / transitionin /      4.00000 para idle(02)
Mensaje X / 00:00:00:030 / top(01) / transitionin /      4.00000 para speech(06)
Mensaje D / 00:00:00:030 / idle(02) / ... para top(01)
Mensaje D / 00:00:00:030 / speech(06) / 00:00:00:000 para top(01)
Mensaje D / 00:00:00:030 / top(01) / 00:00:00:000 para Root(00)
Mensaje * / 00:00:00:030 / Root(00) para top(01)
Mensaje * / 00:00:00:030 / top(01) para speech(06)
Mensaje Y / 00:00:00:030 / speech(06) / stateout /      4.00000 para top(01)
Mensaje D / 00:00:00:030 / speech(06) / ... para top(01)
Mensaje Y / 00:00:00:030 / top(01) / speech /      4.00000 para Root(00)
Mensaje D / 00:00:00:030 / top(01) / ... para Root(00)
Mensaje X / 00:00:00:040 / Root(00) / in /      3.00000 para top(01)
Mensaje X / 00:00:00:040 / top(01) / eventin /      3.00000 para idle(02)
Mensaje X / 00:00:00:040 / top(01) / eventin /      3.00000 para gettingnumber(03)
Mensaje X / 00:00:00:040 / top(01) / eventin /      3.00000 para ringingaside(04)
Mensaje X / 00:00:00:040 / top(01) / eventin /      3.00000 para ringingbside(05)
Mensaje X / 00:00:00:040 / top(01) / eventin /      3.00000 para speech(06)
Mensaje X / 00:00:00:040 / top(01) / eventin /      3.00000 para waitonhook(07)
Mensaje D / 00:00:00:040 / idle(02) / ... para top(01)
Mensaje D / 00:00:00:040 / gettingnumber(03) / ... para top(01)
Mensaje D / 00:00:00:040 / ringingaside(04) / ... para top(01)
Mensaje D / 00:00:00:040 / ringingbside(05) / ... para top(01)
Mensaje D / 00:00:00:040 / speech(06) / 00:00:00:000 para top(01)
Mensaje D / 00:00:00:040 / waitonhook(07) / ... para top(01)
Mensaje D / 00:00:00:040 / top(01) / 00:00:00:000 para Root(00)
Mensaje * / 00:00:00:040 / Root(00) para top(01)
Mensaje * / 00:00:00:040 / top(01) para speech(06)
Mensaje Y / 00:00:00:040 / speech(06) / transitionout /      5.00000 para top(01)
Mensaje D / 00:00:00:040 / speech(06) / ... para top(01)
Mensaje X / 00:00:00:040 / top(01) / transitionin /      5.00000 para idle(02)
Mensaje X / 00:00:00:040 / top(01) / transitionin /      5.00000 para waitonhook(07)
Mensaje D / 00:00:00:040 / idle(02) / ... para top(01)
Mensaje D / 00:00:00:040 / waitonhook(07) / 00:00:00:000 para top(01)
Mensaje D / 00:00:00:040 / top(01) / 00:00:00:000 para Root(00)
Mensaje * / 00:00:00:040 / Root(00) para top(01)
Mensaje * / 00:00:00:040 / top(01) para waitonhook(07)
Mensaje Y / 00:00:00:040 / waitonhook(07) / stateout /      5.00000 para top(01)
Mensaje D / 00:00:00:040 / waitonhook(07) / ... para top(01)
Mensaje Y / 00:00:00:040 / top(01) / waitonhook /      5.00000 para Root(00)
Mensaje D / 00:00:00:040 / top(01) / ... para Root(00)
Mensaje X / 00:00:00:050 / Root(00) / in /      4.00000 para top(01)
Mensaje X / 00:00:00:050 / top(01) / eventin /      4.00000 para idle(02)
Mensaje X / 00:00:00:050 / top(01) / eventin /      4.00000 para gettingnumber(03)
Mensaje X / 00:00:00:050 / top(01) / eventin /      4.00000 para ringingaside(04)
Mensaje X / 00:00:00:050 / top(01) / eventin /      4.00000 para ringingbside(05)
Mensaje X / 00:00:00:050 / top(01) / eventin /      4.00000 para speech(06)
Mensaje X / 00:00:00:050 / top(01) / eventin /      4.00000 para waitonhook(07)
Mensaje D / 00:00:00:050 / idle(02) / ... para top(01)
Mensaje D / 00:00:00:050 / gettingnumber(03) / ... para top(01)
Mensaje D / 00:00:00:050 / ringingaside(04) / ... para top(01)
Mensaje D / 00:00:00:050 / ringingbside(05) / ... para top(01)
Mensaje D / 00:00:00:050 / speech(06) / ... para top(01)
Mensaje D / 00:00:00:050 / waitonhook(07) / 00:00:00:000 para top(01)
Mensaje D / 00:00:00:050 / top(01) / 00:00:00:000 para Root(00)
Mensaje * / 00:00:00:050 / Root(00) para top(01)
Mensaje * / 00:00:00:050 / top(01) para waitonhook(07)
Mensaje Y / 00:00:00:050 / waitonhook(07) / transitionout /      0.00000 para top(01)
Mensaje D / 00:00:00:050 / waitonhook(07) / ... para top(01)
Mensaje X / 00:00:00:050 / top(01) / transitionin /      0.00000 para idle(02)
Mensaje D / 00:00:00:050 / idle(02) / 00:00:00:000 para top(01)
Mensaje D / 00:00:00:050 / top(01) / 00:00:00:000 para Root(00)
Mensaje * / 00:00:00:050 / Root(00) para top(01)
Mensaje * / 00:00:00:050 / top(01) para idle(02)
Mensaje Y / 00:00:00:050 / idle(02) / stateout /      0.00000 para top(01)
Mensaje D / 00:00:00:050 / idle(02) / ... para top(01)
Mensaje Y / 00:00:00:050 / top(01) / idle /      0.00000 para Root(00)
Mensaje D / 00:00:00:050 / top(01) / ... para Root(00)
Mensaje X / 00:00:00:060 / Root(00) / in /      5.00000 para top(01)
Mensaje X / 00:00:00:060 / top(01) / eventin /      5.00000 para idle(02)
Mensaje X / 00:00:00:060 / top(01) / eventin /      5.00000 para gettingnumber(03)
Mensaje X / 00:00:00:060 / top(01) / eventin /      5.00000 para ringingaside(04)
Mensaje X / 00:00:00:060 / top(01) / eventin /      5.00000 para ringingbside(05)
Mensaje X / 00:00:00:060 / top(01) / eventin /      5.00000 para speech(06)
Mensaje X / 00:00:00:060 / top(01) / eventin /      5.00000 para waitonhook(07)
Mensaje D / 00:00:00:060 / idle(02) / 00:00:00:000 para top(01)
Mensaje D / 00:00:00:060 / gettingnumber(03) / ... para top(01)
Mensaje D / 00:00:00:060 / ringingaside(04) / ... para top(01)
Mensaje D / 00:00:00:060 / ringingbside(05) / ... para top(01)
Mensaje D / 00:00:00:060 / speech(06) / ... para top(01)
Mensaje D / 00:00:00:060 / waitonhook(07) / ... para top(01)
Mensaje D / 00:00:00:060 / top(01) / 00:00:00:000 para Root(00)
Mensaje * / 00:00:00:060 / Root(00) para top(01)
Mensaje * / 00:00:00:060 / top(01) para idle(02)
Mensaje Y / 00:00:00:060 / idle(02) / transitionout /      3.00000 para top(01)
Mensaje D / 00:00:00:060 / idle(02) / ... para top(01)
Mensaje X / 00:00:00:060 / top(01) / transitionin /      3.00000 para gettingnumber(03)
Mensaje X / 00:00:00:060 / top(01) / transitionin /      3.00000 para ringingbside(05)
Mensaje D / 00:00:00:060 / gettingnumber(03) / ... para top(01)
Mensaje D / 00:00:00:060 / ringingbside(05) / 00:00:00:000 para top(01)
Mensaje D / 00:00:00:060 / top(01) / 00:00:00:000 para Root(00)
Mensaje * / 00:00:00:060 / Root(00) para top(01)
Mensaje * / 00:00:00:060 / top(01) para ringingbside(05)
Mensaje Y / 00:00:00:060 / ringingbside(05) / stateout /      3.00000 para top(01)
Mensaje D / 00:00:00:060 / ringingbside(05) / ... para top(01)
Mensaje Y / 00:00:00:060 / top(01) / ringingbside /      3.00000 para Root(00)
Mensaje D / 00:00:00:060 / top(01) / ... para Root(00)
Mensaje X / 00:00:00:065 / Root(00) / in /      2.00000 para top(01)
Mensaje X / 00:00:00:065 / top(01) / eventin /      2.00000 para idle(02)
Mensaje X / 00:00:00:065 / top(01) / eventin /      2.00000 para gettingnumber(03)
Mensaje X / 00:00:00:065 / top(01) / eventin /      2.00000 para ringingaside(04)
Mensaje X / 00:00:00:065 / top(01) / eventin /      2.00000 para ringingbside(05)
Mensaje X / 00:00:00:065 / top(01) / eventin /      2.00000 para speech(06)
Mensaje X / 00:00:00:065 / top(01) / eventin /      2.00000 para waitonhook(07)
Mensaje D / 00:00:00:065 / idle(02) / ... para top(01)
Mensaje D / 00:00:00:065 / gettingnumber(03) / ... para top(01)
Mensaje D / 00:00:00:065 / ringingaside(04) / ... para top(01)
Mensaje D / 00:00:00:065 / ringingbside(05) / 00:00:00:000 para top(01)
Mensaje D / 00:00:00:065 / speech(06) / ... para top(01)
Mensaje D / 00:00:00:065 / waitonhook(07) / ... para top(01)
Mensaje D / 00:00:00:065 / top(01) / 00:00:00:000 para Root(00)
Mensaje * / 00:00:00:065 / Root(00) para top(01)
Mensaje * / 00:00:00:065 / top(01) para ringingbside(05)
Mensaje Y / 00:00:00:065 / ringingbside(05) / transitionout /      4.00000 para top(01)
Mensaje D / 00:00:00:065 / ringingbside(05) / ... para top(01)
Mensaje X / 00:00:00:065 / top(01) / transitionin /      4.00000 para idle(02)
Mensaje X / 00:00:00:065 / top(01) / transitionin /      4.00000 para speech(06)
Mensaje D / 00:00:00:065 / idle(02) / ... para top(01)
Mensaje D / 00:00:00:065 / speech(06) / 00:00:00:000 para top(01)
Mensaje D / 00:00:00:065 / top(01) / 00:00:00:000 para Root(00)
Mensaje * / 00:00:00:065 / Root(00) para top(01)
Mensaje * / 00:00:00:065 / top(01) para speech(06)
Mensaje Y / 00:00:00:065 / speech(06) / stateout /      4.00000 para top(01)
Mensaje D / 00:00:00:065 / speech(06) / ... para top(01)
Mensaje Y / 00:00:00:065 / top(01) / speech /      4.00000 para Root(00)
Mensaje D / 00:00:00:065 / top(01) / ... para Root(00)
Mensaje X / 00:00:00:070 / Root(00) / in /      3.00000 para top(01)
Mensaje X / 00:00:00:070 / top(01) / eventin /      3.00000 para idle(02)
Mensaje X / 00:00:00:070 / top(01) / eventin /      3.00000 para gettingnumber(03)
Mensaje X / 00:00:00:070 / top(01) / eventin /      3.00000 para ringingaside(04)
Mensaje X / 00:00:00:070 / top(01) / eventin /      3.00000 para ringingbside(05)
Mensaje X / 00:00:00:070 / top(01) / eventin /      3.00000 para speech(06)
Mensaje X / 00:00:00:070 / top(01) / eventin /      3.00000 para waitonhook(07)
Mensaje D / 00:00:00:070 / idle(02) / ... para top(01)
Mensaje D / 00:00:00:070 / gettingnumber(03) / ... para top(01)
Mensaje D / 00:00:00:070 / ringingaside(04) / ... para top(01)
Mensaje D / 00:00:00:070 / ringingbside(05) / ... para top(01)
Mensaje D / 00:00:00:070 / speech(06) / 00:00:00:000 para top(01)
Mensaje D / 00:00:00:070 / waitonhook(07) / ... para top(01)
Mensaje D / 00:00:00:070 / top(01) / 00:00:00:000 para Root(00)
Mensaje * / 00:00:00:070 / Root(00) para top(01)
Mensaje * / 00:00:00:070 / top(01) para speech(06)
Mensaje Y / 00:00:00:070 / speech(06) / transitionout /      5.00000 para top(01)
Mensaje D / 00:00:00:070 / speech(06) / ... para top(01)
Mensaje X / 00:00:00:070 / top(01) / transitionin /      5.00000 para idle(02)
Mensaje X / 00:00:00:070 / top(01) / transitionin /      5.00000 para waitonhook(07)
Mensaje D / 00:00:00:070 / idle(02) / ... para top(01)
Mensaje D / 00:00:00:070 / waitonhook(07) / 00:00:00:000 para top(01)
Mensaje D / 00:00:00:070 / top(01) / 00:00:00:000 para Root(00)
Mensaje * / 00:00:00:070 / Root(00) para top(01)
Mensaje * / 00:00:00:070 / top(01) para waitonhook(07)
Mensaje Y / 00:00:00:070 / waitonhook(07) / stateout /      5.00000 para top(01)
Mensaje D / 00:00:00:070 / waitonhook(07) / ... para top(01)
Mensaje Y / 00:00:00:070 / top(01) / waitonhook /      5.00000 para Root(00)
Mensaje D / 00:00:00:070 / top(01) / ... para Root(00)
Mensaje X / 00:00:00:080 / Root(00) / in /      4.00000 para top(01)
Mensaje X / 00:00:00:080 / top(01) / eventin /      4.00000 para idle(02)
Mensaje X / 00:00:00:080 / top(01) / eventin /      4.00000 para gettingnumber(03)
Mensaje X / 00:00:00:080 / top(01) / eventin /      4.00000 para ringingaside(04)
Mensaje X / 00:00:00:080 / top(01) / eventin /      4.00000 para ringingbside(05)
Mensaje X / 00:00:00:080 / top(01) / eventin /      4.00000 para speech(06)
Mensaje X / 00:00:00:080 / top(01) / eventin /      4.00000 para waitonhook(07)
Mensaje D / 00:00:00:080 / idle(02) / ... para top(01)
Mensaje D / 00:00:00:080 / gettingnumber(03) / ... para top(01)
Mensaje D / 00:00:00:080 / ringingaside(04) / ... para top(01)
Mensaje D / 00:00:00:080 / ringingbside(05) / ... para top(01)
Mensaje D / 00:00:00:080 / speech(06) / ... para top(01)
Mensaje D / 00:00:00:080 / waitonhook(07) / 00:00:00:000 para top(01)
Mensaje D / 00:00:00:080 / top(01) / 00:00:00:000 para Root(00)
Mensaje * / 00:00:00:080 / Root(00) para top(01)
Mensaje * / 00:00:00:080 / top(01) para waitonhook(07)
Mensaje Y / 00:00:00:080 / waitonhook(07) / transitionout /      0.00000 para top(01)
Mensaje D / 00:00:00:080 / waitonhook(07) / ... para top(01)
Mensaje X / 00:00:00:080 / top(01) / transitionin /      0.00000 para idle(02)
Mensaje D / 00:00:00:080 / idle(02) / 00:00:00:000 para top(01)
Mensaje D / 00:00:00:080 / top(01) / 00:00:00:000 para Root(00)
Mensaje * / 00:00:00:080 / Root(00) para top(01)
Mensaje * / 00:00:00:080 / top(01) para idle(02)
Mensaje Y / 00:00:00:080 / idle(02) / stateout /      0.00000 para top(01)
Mensaje D / 00:00:00:080 / idle(02) / ... para top(01)
Mensaje Y / 00:00:00:080 / top(01) / idle /      0.00000 para Root(00)
Mensaje D / 00:00:00:080 / top(01) / ... para Root(00)
Mensaje X / 00:00:00:090 / Root(00) / in /      0.00000 para top(01)
Mensaje X / 00:00:00:090 / top(01) / eventin /      0.00000 para idle(02)
Mensaje X / 00:00:00:090 / top(01) / eventin /      0.00000 para gettingnumber(03)
Mensaje X / 00:00:00:090 / top(01) / eventin /      0.00000 para ringingaside(04)
Mensaje X / 00:00:00:090 / top(01) / eventin /      0.00000 para ringingbside(05)
Mensaje X / 00:00:00:090 / top(01) / eventin /      0.00000 para speech(06)
Mensaje X / 00:00:00:090 / top(01) / eventin /      0.00000 para waitonhook(07)
Mensaje D / 00:00:00:090 / idle(02) / 00:00:00:000 para top(01)
Mensaje D / 00:00:00:090 / gettingnumber(03) / ... para top(01)
Mensaje D / 00:00:00:090 / ringingaside(04) / ... para top(01)
Mensaje D / 00:00:00:090 / ringingbside(05) / ... para top(01)
Mensaje D / 00:00:00:090 / speech(06) / ... para top(01)
Mensaje D / 00:00:00:090 / waitonhook(07) / ... para top(01)
Mensaje D / 00:00:00:090 / top(01) / 00:00:00:000 para Root(00)
Mensaje * / 00:00:00:090 / Root(00) para top(01)
Mensaje * / 00:00:00:090 / top(01) para idle(02)
Mensaje Y / 00:00:00:090 / idle(02) / transitionout /      1.00000 para top(01)
Mensaje D / 00:00:00:090 / idle(02) / ... para top(01)
Mensaje X / 00:00:00:090 / top(01) / transitionin /      1.00000 para gettingnumber(03)
Mensaje X / 00:00:00:090 / top(01) / transitionin /      1.00000 para ringingbside(05)
Mensaje D / 00:00:00:090 / gettingnumber(03) / 00:00:00:000 para top(01)
Mensaje D / 00:00:00:090 / ringingbside(05) / ... para top(01)
Mensaje D / 00:00:00:090 / top(01) / 00:00:00:000 para Root(00)
Mensaje * / 00:00:00:090 / Root(00) para top(01)
Mensaje * / 00:00:00:090 / top(01) para gettingnumber(03)
Mensaje Y / 00:00:00:090 / gettingnumber(03) / stateout /      1.00000 para top(01)
Mensaje D / 00:00:00:090 / gettingnumber(03) / ... para top(01)
Mensaje Y / 00:00:00:090 / top(01) / gettingnumber /      1.00000 para Root(00)
Mensaje D / 00:00:00:090 / top(01) / ... para Root(00)
Mensaje X / 00:00:00:110 / Root(00) / in /      6.00000 para top(01)
Mensaje X / 00:00:00:110 / top(01) / eventin /      6.00000 para idle(02)
Mensaje X / 00:00:00:110 / top(01) / eventin /      6.00000 para gettingnumber(03)
Mensaje X / 00:00:00:110 / top(01) / eventin /      6.00000 para ringingaside(04)
Mensaje X / 00:00:00:110 / top(01) / eventin /      6.00000 para ringingbside(05)
Mensaje X / 00:00:00:110 / top(01) / eventin /      6.00000 para speech(06)
Mensaje X / 00:00:00:110 / top(01) / eventin /      6.00000 para waitonhook(07)
Mensaje D / 00:00:00:110 / idle(02) / ... para top(01)
Mensaje D / 00:00:00:110 / gettingnumber(03) / 00:00:00:000 para top(01)
Mensaje D / 00:00:00:110 / ringingaside(04) / ... para top(01)
Mensaje D / 00:00:00:110 / ringingbside(05) / ... para top(01)
Mensaje D / 00:00:00:110 / speech(06) / ... para top(01)
Mensaje D / 00:00:00:110 / waitonhook(07) / ... para top(01)
Mensaje D / 00:00:00:110 / top(01) / 00:00:00:000 para Root(00)
Mensaje * / 00:00:00:110 / Root(00) para top(01)
Mensaje * / 00:00:00:110 / top(01) para gettingnumber(03)
Mensaje Y / 00:00:00:110 / gettingnumber(03) / transitionout /      5.00000 para top(01)
Mensaje D / 00:00:00:110 / gettingnumber(03) / ... para top(01)
Mensaje X / 00:00:00:110 / top(01) / transitionin /      5.00000 para idle(02)
Mensaje X / 00:00:00:110 / top(01) / transitionin /      5.00000 para ringingaside(04)
Mensaje X / 00:00:00:110 / top(01) / transitionin /      5.00000 para waitonhook(07)
Mensaje D / 00:00:00:110 / idle(02) / ... para top(01)
Mensaje D / 00:00:00:110 / ringingaside(04) / ... para top(01)
Mensaje D / 00:00:00:110 / waitonhook(07) / 00:00:00:000 para top(01)
Mensaje D / 00:00:00:110 / top(01) / 00:00:00:000 para Root(00)
Mensaje * / 00:00:00:110 / Root(00) para top(01)
Mensaje * / 00:00:00:110 / top(01) para waitonhook(07)
Mensaje Y / 00:00:00:110 / waitonhook(07) / stateout /      5.00000 para top(01)
Mensaje D / 00:00:00:110 / waitonhook(07) / ... para top(01)
Mensaje Y / 00:00:00:110 / top(01) / waitonhook /      5.00000 para Root(00)
Mensaje D / 00:00:00:110 / top(01) / ... para Root(00)
Mensaje X / 00:00:00:120 / Root(00) / in /      4.00000 para top(01)
Mensaje X / 00:00:00:120 / top(01) / eventin /      4.00000 para idle(02)
Mensaje X / 00:00:00:120 / top(01) / eventin /      4.00000 para gettingnumber(03)
Mensaje X / 00:00:00:120 / top(01) / eventin /      4.00000 para ringingaside(04)
Mensaje X / 00:00:00:120 / top(01) / eventin /      4.00000 para ringingbside(05)
Mensaje X / 00:00:00:120 / top(01) / eventin /      4.00000 para speech(06)
Mensaje X / 00:00:00:120 / top(01) / eventin /      4.00000 para waitonhook(07)
Mensaje D / 00:00:00:120 / idle(02) / ... para top(01)
Mensaje D / 00:00:00:120 / gettingnumber(03) / ... para top(01)
Mensaje D / 00:00:00:120 / ringingaside(04) / ... para top(01)
Mensaje D / 00:00:00:120 / ringingbside(05) / ... para top(01)
Mensaje D / 00:00:00:120 / speech(06) / ... para top(01)
Mensaje D / 00:00:00:120 / waitonhook(07) / 00:00:00:000 para top(01)
Mensaje D / 00:00:00:120 / top(01) / 00:00:00:000 para Root(00)
Mensaje * / 00:00:00:120 / Root(00) para top(01)
Mensaje * / 00:00:00:120 / top(01) para waitonhook(07)
Mensaje Y / 00:00:00:120 / waitonhook(07) / transitionout /      0.00000 para top(01)
Mensaje D / 00:00:00:120 / waitonhook(07) / ... para top(01)
Mensaje X / 00:00:00:120 / top(01) / transitionin /      0.00000 para idle(02)
Mensaje D / 00:00:00:120 / idle(02) / 00:00:00:000 para top(01)
Mensaje D / 00:00:00:120 / top(01) / 00:00:00:000 para Root(00)
Mensaje * / 00:00:00:120 / Root(00) para top(01)
Mensaje * / 00:00:00:120 / top(01) para idle(02)
Mensaje Y / 00:00:00:120 / idle(02) / stateout /      0.00000 para top(01)
Mensaje D / 00:00:00:120 / idle(02) / ... para top(01)
Mensaje Y / 00:00:00:120 / top(01) / idle /      0.00000 para Root(00)
Mensaje D / 00:00:00:120 / top(01) / ... para Root(00)
Mensaje X / 00:00:00:130 / Root(00) / in /      0.00000 para top(01)
Mensaje X / 00:00:00:130 / top(01) / eventin /      0.00000 para idle(02)
Mensaje X / 00:00:00:130 / top(01) / eventin /      0.00000 para gettingnumber(03)
Mensaje X / 00:00:00:130 / top(01) / eventin /      0.00000 para ringingaside(04)
Mensaje X / 00:00:00:130 / top(01) / eventin /      0.00000 para ringingbside(05)
Mensaje X / 00:00:00:130 / top(01) / eventin /      0.00000 para speech(06)
Mensaje X / 00:00:00:130 / top(01) / eventin /      0.00000 para waitonhook(07)
Mensaje D / 00:00:00:130 / idle(02) / 00:00:00:000 para top(01)
Mensaje D / 00:00:00:130 / gettingnumber(03) / ... para top(01)
Mensaje D / 00:00:00:130 / ringingaside(04) / ... para top(01)
Mensaje D / 00:00:00:130 / ringingbside(05) / ... para top(01)
Mensaje D / 00:00:00:130 / speech(06) / ... para top(01)
Mensaje D / 00:00:00:130 / waitonhook(07) / ... para top(01)
Mensaje D / 00:00:00:130 / top(01) / 00:00:00:000 para Root(00)
Mensaje * / 00:00:00:130 / Root(00) para top(01)
Mensaje * / 00:00:00:130 / top(01) para idle(02)
Mensaje Y / 00:00:00:130 / idle(02) / transitionout /      1.00000 para top(01)
Mensaje D / 00:00:00:130 / idle(02) / ... para top(01)
Mensaje X / 00:00:00:130 / top(01) / transitionin /      1.00000 para gettingnumber(03)
Mensaje X / 00:00:00:130 / top(01) / transitionin /      1.00000 para ringingbside(05)
Mensaje D / 00:00:00:130 / gettingnumber(03) / 00:00:00:000 para top(01)
Mensaje D / 00:00:00:130 / ringingbside(05) / ... para top(01)
Mensaje D / 00:00:00:130 / top(01) / 00:00:00:000 para Root(00)
Mensaje * / 00:00:00:130 / Root(00) para top(01)
Mensaje * / 00:00:00:130 / top(01) para gettingnumber(03)
Mensaje Y / 00:00:00:130 / gettingnumber(03) / stateout /      1.00000 para top(01)
Mensaje D / 00:00:00:130 / gettingnumber(03) / ... para top(01)
Mensaje Y / 00:00:00:130 / top(01) / gettingnumber /      1.00000 para Root(00)
Mensaje D / 00:00:00:130 / top(01) / ... para Root(00)
Mensaje X / 00:00:00:140 / Root(00) / in /      4.00000 para top(01)
Mensaje X / 00:00:00:140 / top(01) / eventin /      4.00000 para idle(02)
Mensaje X / 00:00:00:140 / top(01) / eventin /      4.00000 para gettingnumber(03)
Mensaje X / 00:00:00:140 / top(01) / eventin /      4.00000 para ringingaside(04)
Mensaje X / 00:00:00:140 / top(01) / eventin /      4.00000 para ringingbside(05)
Mensaje X / 00:00:00:140 / top(01) / eventin /      4.00000 para speech(06)
Mensaje X / 00:00:00:140 / top(01) / eventin /      4.00000 para waitonhook(07)
Mensaje D / 00:00:00:140 / idle(02) / ... para top(01)
Mensaje D / 00:00:00:140 / gettingnumber(03) / 00:00:00:000 para top(01)
Mensaje D / 00:00:00:140 / ringingaside(04) / ... para top(01)
Mensaje D / 00:00:00:140 / ringingbside(05) / ... para top(01)
Mensaje D / 00:00:00:140 / speech(06) / ... para top(01)
Mensaje D / 00:00:00:140 / waitonhook(07) / ... para top(01)
Mensaje D / 00:00:00:140 / top(01) / 00:00:00:000 para Root(00)
Mensaje * / 00:00:00:140 / Root(00) para top(01)
Mensaje * / 00:00:00:140 / top(01) para gettingnumber(03)
Mensaje Y / 00:00:00:140 / gettingnumber(03) / transitionout /      0.00000 para top(01)
Mensaje D / 00:00:00:140 / gettingnumber(03) / ... para top(01)
Mensaje X / 00:00:00:140 / top(01) / transitionin /      0.00000 para idle(02)
Mensaje X / 00:00:00:140 / top(01) / transitionin /      0.00000 para ringingaside(04)
Mensaje X / 00:00:00:140 / top(01) / transitionin /      0.00000 para waitonhook(07)
Mensaje D / 00:00:00:140 / idle(02) / 00:00:00:000 para top(01)
Mensaje D / 00:00:00:140 / ringingaside(04) / ... para top(01)
Mensaje D / 00:00:00:140 / waitonhook(07) / ... para top(01)
Mensaje D / 00:00:00:140 / top(01) / 00:00:00:000 para Root(00)
Mensaje * / 00:00:00:140 / Root(00) para top(01)
Mensaje * / 00:00:00:140 / top(01) para idle(02)
Mensaje Y / 00:00:00:140 / idle(02) / stateout /      0.00000 para top(01)
Mensaje D / 00:00:00:140 / idle(02) / ... para top(01)
Mensaje Y / 00:00:00:140 / top(01) / idle /      0.00000 para Root(00)
Mensaje D / 00:00:00:140 / top(01) / ... para Root(00)
