Mensaje I / 00:00:00:000 / Root(00) para top(01)
Mensaje I / 00:00:00:000 / top(01) para zero(02)
Mensaje I / 00:00:00:000 / top(01) para five(03)
Mensaje I / 00:00:00:000 / top(01) para ten(04)
Mensaje I / 00:00:00:000 / top(01) para fifteen(05)
Mensaje I / 00:00:00:000 / top(01) para twenty(06)
Mensaje D / 00:00:00:000 / zero(02) / ... para top(01)
Mensaje D / 00:00:00:000 / five(03) / ... para top(01)
Mensaje D / 00:00:00:000 / ten(04) / ... para top(01)
Mensaje D / 00:00:00:000 / fifteen(05) / ... para top(01)
Mensaje D / 00:00:00:000 / twenty(06) / ... para top(01)
Mensaje D / 00:00:00:000 / top(01) / ... para Root(00)
Mensaje X / 00:00:00:010 / Root(00) / in /      0.00000 para top(01)
Mensaje X / 00:00:00:010 / top(01) / eventin /      0.00000 para zero(02)
Mensaje X / 00:00:00:010 / top(01) / eventin /      0.00000 para five(03)
Mensaje X / 00:00:00:010 / top(01) / eventin /      0.00000 para ten(04)
Mensaje X / 00:00:00:010 / top(01) / eventin /      0.00000 para fifteen(05)
Mensaje X / 00:00:00:010 / top(01) / eventin /      0.00000 para twenty(06)
Mensaje D / 00:00:00:010 / zero(02) / 00:00:00:000 para top(01)
Mensaje D / 00:00:00:010 / five(03) / ... para top(01)
Mensaje D / 00:00:00:010 / ten(04) / ... para top(01)
Mensaje D / 00:00:00:010 / fifteen(05) / ... para top(01)
Mensaje D / 00:00:00:010 / twenty(06) / ... para top(01)
Mensaje D / 00:00:00:010 / top(01) / 00:00:00:000 para Root(00)
Mensaje * / 00:00:00:010 / Root(00) para top(01)
Mensaje * / 00:00:00:010 / top(01) para zero(02)
Mensaje Y / 00:00:00:010 / zero(02) / transitionout /      1.00000 para top(01)
Mensaje D / 00:00:00:010 / zero(02) / ... para top(01)
Mensaje X / 00:00:00:010 / top(01) / transitionin /      1.00000 para five(03)
Mensaje X / 00:00:00:010 / top(01) / transitionin /      1.00000 para ten(04)
Mensaje D / 00:00:00:010 / five(03) / 00:00:00:000 para top(01)
Mensaje D / 00:00:00:010 / ten(04) / ... para top(01)
Mensaje D / 00:00:00:010 / top(01) / 00:00:00:000 para Root(00)
Mensaje * / 00:00:00:010 / Root(00) para top(01)
Mensaje * / 00:00:00:010 / top(01) para five(03)
Mensaje Y / 00:00:00:010 / five(03) / stateout /      5.00000 para top(01)
Mensaje D / 00:00:00:010 / five(03) / ... para top(01)
Mensaje Y / 00:00:00:010 / top(01) / five /      5.00000 para Root(00)
Mensaje D / 00:00:00:010 / top(01) / ... para Root(00)
Mensaje X / 00:00:00:020 / Root(00) / in /      0.00000 para top(01)
Mensaje X / 00:00:00:020 / top(01) / eventin /      0.00000 para zero(02)
Mensaje X / 00:00:00:020 / top(01) / eventin /      0.00000 para five(03)
Mensaje X / 00:00:00:020 / top(01) / eventin /      0.00000 para ten(04)
Mensaje X / 00:00:00:020 / top(01) / eventin /      0.00000 para fifteen(05)
Mensaje X / 00:00:00:020 / top(01) / eventin /      0.00000 para twenty(06)
Mensaje D / 00:00:00:020 / zero(02) / ... para top(01)
Mensaje D / 00:00:00:020 / five(03) / 00:00:00:000 para top(01)
Mensaje D / 00:00:00:020 / ten(04) / ... para top(01)
Mensaje D / 00:00:00:020 / fifteen(05) / ... para top(01)
Mensaje D / 00:00:00:020 / twenty(06) / ... para top(01)
Mensaje D / 00:00:00:020 / top(01) / 00:00:00:000 para Root(00)
Mensaje * / 00:00:00:020 / Root(00) para top(01)
Mensaje * / 00:00:00:020 / top(01) para five(03)
Mensaje Y / 00:00:00:020 / five(03) / transitionout /      2.00000 para top(01)
Mensaje D / 00:00:00:020 / five(03) / ... para top(01)
Mensaje X / 00:00:00:020 / top(01) / transitionin /      2.00000 para ten(04)
Mensaje X / 00:00:00:020 / top(01) / transitionin /      2.00000 para fifteen(05)
Mensaje D / 00:00:00:020 / ten(04) / 00:00:00:000 para top(01)
Mensaje D / 00:00:00:020 / fifteen(05) / ... para top(01)
Mensaje D / 00:00:00:020 / top(01) / 00:00:00:000 para Root(00)
Mensaje * / 00:00:00:020 / Root(00) para top(01)
Mensaje * / 00:00:00:020 / top(01) para ten(04)
Mensaje Y / 00:00:00:020 / ten(04) / stateout /     10.00000 para top(01)
Mensaje D / 00:00:00:020 / ten(04) / ... para top(01)
Mensaje Y / 00:00:00:020 / top(01) / ten /     10.00000 para Root(00)
Mensaje D / 00:00:00:020 / top(01) / ... para Root(00)
Mensaje X / 00:00:00:030 / Root(00) / in /      0.00000 para top(01)
Mensaje X / 00:00:00:030 / top(01) / eventin /      0.00000 para zero(02)
Mensaje X / 00:00:00:030 / top(01) / eventin /      0.00000 para five(03)
Mensaje X / 00:00:00:030 / top(01) / eventin /      0.00000 para ten(04)
Mensaje X / 00:00:00:030 / top(01) / eventin /      0.00000 para fifteen(05)
Mensaje X / 00:00:00:030 / top(01) / eventin /      0.00000 para twenty(06)
Mensaje D / 00:00:00:030 / zero(02) / ... para top(01)
Mensaje D / 00:00:00:030 / five(03) / ... para top(01)
Mensaje D / 00:00:00:030 / ten(04) / 00:00:00:000 para top(01)
Mensaje D / 00:00:00:030 / fifteen(05) / ... para top(01)
Mensaje D / 00:00:00:030 / twenty(06) / ... para top(01)
Mensaje D / 00:00:00:030 / top(01) / 00:00:00:000 para Root(00)
Mensaje * / 00:00:00:030 / Root(00) para top(01)
Mensaje * / 00:00:00:030 / top(01) para ten(04)
Mensaje Y / 00:00:00:030 / ten(04) / transitionout /      3.00000 para top(01)
Mensaje D / 00:00:00:030 / ten(04) / ... para top(01)
Mensaje X / 00:00:00:030 / top(01) / transitionin /      3.00000 para fifteen(05)
Mensaje X / 00:00:00:030 / top(01) / transitionin /      3.00000 para twenty(06)
Mensaje D / 00:00:00:030 / fifteen(05) / 00:00:00:000 para top(01)
Mensaje D / 00:00:00:030 / twenty(06) / ... para top(01)
Mensaje D / 00:00:00:030 / top(01) / 00:00:00:000 para Root(00)
Mensaje * / 00:00:00:030 / Root(00) para top(01)
Mensaje * / 00:00:00:030 / top(01) para fifteen(05)
Mensaje Y / 00:00:00:030 / fifteen(05) / stateout /     15.00000 para top(01)
Mensaje D / 00:00:00:030 / fifteen(05) / ... para top(01)
Mensaje Y / 00:00:00:030 / top(01) / fifteen /     15.00000 para Root(00)
Mensaje D / 00:00:00:030 / top(01) / ... para Root(00)
Mensaje X / 00:00:00:040 / Root(00) / in /      2.00000 para top(01)
Mensaje X / 00:00:00:040 / top(01) / eventin /      2.00000 para zero(02)
Mensaje X / 00:00:00:040 / top(01) / eventin /      2.00000 para five(03)
Mensaje X / 00:00:00:040 / top(01) / eventin /      2.00000 para ten(04)
Mensaje X / 00:00:00:040 / top(01) / eventin /      2.00000 para fifteen(05)
Mensaje X / 00:00:00:040 / top(01) / eventin /      2.00000 para twenty(06)
Mensaje D / 00:00:00:040 / zero(02) / ... para top(01)
Mensaje D / 00:00:00:040 / five(03) / ... para top(01)
Mensaje D / 00:00:00:040 / ten(04) / ... para top(01)
Mensaje D / 00:00:00:040 / fifteen(05) / 00:00:00:000 para top(01)
Mensaje D / 00:00:00:040 / twenty(06) / ... para top(01)
Mensaje D / 00:00:00:040 / top(01) / 00:00:00:000 para Root(00)
Mensaje * / 00:00:00:040 / Root(00) para top(01)
Mensaje * / 00:00:00:040 / top(01) para fifteen(05)
Mensaje Y / 00:00:00:040 / fifteen(05) / transitionout /      0.00000 para top(01)
Mensaje D / 00:00:00:040 / fifteen(05) / ... para top(01)
Mensaje X / 00:00:00:040 / top(01) / transitionin /      0.00000 para zero(02)
Mensaje X / 00:00:00:040 / top(01) / transitionin /      0.00000 para twenty(06)
Mensaje D / 00:00:00:040 / zero(02) / 00:00:00:000 para top(01)
Mensaje D / 00:00:00:040 / twenty(06) / ... para top(01)
Mensaje D / 00:00:00:040 / top(01) / 00:00:00:000 para Root(00)
Mensaje * / 00:00:00:040 / Root(00) para top(01)
Mensaje * / 00:00:00:040 / top(01) para zero(02)
Mensaje Y / 00:00:00:040 / zero(02) / stateout /      0.00000 para top(01)
Mensaje D / 00:00:00:040 / zero(02) / ... para top(01)
Mensaje Y / 00:00:00:040 / top(01) / zero /      0.00000 para Root(00)
Mensaje D / 00:00:00:040 / top(01) / ... para Root(00)
Mensaje X / 00:00:00:050 / Root(00) / in /      0.00000 para top(01)
Mensaje X / 00:00:00:050 / top(01) / eventin /      0.00000 para zero(02)
Mensaje X / 00:00:00:050 / top(01) / eventin /      0.00000 para five(03)
Mensaje X / 00:00:00:050 / top(01) / eventin /      0.00000 para ten(04)
Mensaje X / 00:00:00:050 / top(01) / eventin /      0.00000 para fifteen(05)
Mensaje X / 00:00:00:050 / top(01) / eventin /      0.00000 para twenty(06)
Mensaje D / 00:00:00:050 / zero(02) / 00:00:00:000 para top(01)
Mensaje D / 00:00:00:050 / five(03) / ... para top(01)
Mensaje D / 00:00:00:050 / ten(04) / ... para top(01)
Mensaje D / 00:00:00:050 / fifteen(05) / ... para top(01)
Mensaje D / 00:00:00:050 / twenty(06) / ... para top(01)
Mensaje D / 00:00:00:050 / top(01) / 00:00:00:000 para Root(00)
Mensaje * / 00:00:00:050 / Root(00) para top(01)
Mensaje * / 00:00:00:050 / top(01) para zero(02)
Mensaje Y / 00:00:00:050 / zero(02) / transitionout /      1.00000 para top(01)
Mensaje D / 00:00:00:050 / zero(02) / ... para top(01)
Mensaje X / 00:00:00:050 / top(01) / transitionin /      1.00000 para five(03)
Mensaje X / 00:00:00:050 / top(01) / transitionin /      1.00000 para ten(04)
Mensaje D / 00:00:00:050 / five(03) / 00:00:00:000 para top(01)
Mensaje D / 00:00:00:050 / ten(04) / ... para top(01)
Mensaje D / 00:00:00:050 / top(01) / 00:00:00:000 para Root(00)
Mensaje * / 00:00:00:050 / Root(00) para top(01)
Mensaje * / 00:00:00:050 / top(01) para five(03)
Mensaje Y / 00:00:00:050 / five(03) / stateout /      5.00000 para top(01)
Mensaje D / 00:00:00:050 / five(03) / ... para top(01)
Mensaje Y / 00:00:00:050 / top(01) / five /      5.00000 para Root(00)
Mensaje D / 00:00:00:050 / top(01) / ... para Root(00)
Mensaje X / 00:00:00:060 / Root(00) / in /      0.00000 para top(01)
Mensaje X / 00:00:00:060 / top(01) / eventin /      0.00000 para zero(02)
Mensaje X / 00:00:00:060 / top(01) / eventin /      0.00000 para five(03)
Mensaje X / 00:00:00:060 / top(01) / eventin /      0.00000 para ten(04)
Mensaje X / 00:00:00:060 / top(01) / eventin /      0.00000 para fifteen(05)
Mensaje X / 00:00:00:060 / top(01) / eventin /      0.00000 para twenty(06)
Mensaje D / 00:00:00:060 / zero(02) / ... para top(01)
Mensaje D / 00:00:00:060 / five(03) / 00:00:00:000 para top(01)
Mensaje D / 00:00:00:060 / ten(04) / ... para top(01)
Mensaje D / 00:00:00:060 / fifteen(05) / ... para top(01)
Mensaje D / 00:00:00:060 / twenty(06) / ... para top(01)
Mensaje D / 00:00:00:060 / top(01) / 00:00:00:000 para Root(00)
Mensaje * / 00:00:00:060 / Root(00) para top(01)
Mensaje * / 00:00:00:060 / top(01) para five(03)
Mensaje Y / 00:00:00:060 / five(03) / transitionout /      2.00000 para top(01)
Mensaje D / 00:00:00:060 / five(03) / ... para top(01)
Mensaje X / 00:00:00:060 / top(01) / transitionin /      2.00000 para ten(04)
Mensaje X / 00:00:00:060 / top(01) / transitionin /      2.00000 para fifteen(05)
Mensaje D / 00:00:00:060 / ten(04) / 00:00:00:000 para top(01)
Mensaje D / 00:00:00:060 / fifteen(05) / ... para top(01)
Mensaje D / 00:00:00:060 / top(01) / 00:00:00:000 para Root(00)
Mensaje * / 00:00:00:060 / Root(00) para top(01)
Mensaje * / 00:00:00:060 / top(01) para ten(04)
Mensaje Y / 00:00:00:060 / ten(04) / stateout /     10.00000 para top(01)
Mensaje D / 00:00:00:060 / ten(04) / ... para top(01)
Mensaje Y / 00:00:00:060 / top(01) / ten /     10.00000 para Root(00)
Mensaje D / 00:00:00:060 / top(01) / ... para Root(00)
Mensaje X / 00:00:00:070 / Root(00) / in /      1.00000 para top(01)
Mensaje X / 00:00:00:070 / top(01) / eventin /      1.00000 para zero(02)
Mensaje X / 00:00:00:070 / top(01) / eventin /      1.00000 para five(03)
Mensaje X / 00:00:00:070 / top(01) / eventin /      1.00000 para ten(04)
Mensaje X / 00:00:00:070 / top(01) / eventin /      1.00000 para fifteen(05)
Mensaje X / 00:00:00:070 / top(01) / eventin /      1.00000 para twenty(06)
Mensaje D / 00:00:00:070 / zero(02) / ... para top(01)
Mensaje D / 00:00:00:070 / five(03) / ... para top(01)
Mensaje D / 00:00:00:070 / ten(04) / 00:00:00:000 para top(01)
Mensaje D / 00:00:00:070 / fifteen(05) / ... para top(01)
Mensaje D / 00:00:00:070 / twenty(06) / ... para top(01)
Mensaje D / 00:00:00:070 / top(01) / 00:00:00:000 para Root(00)
Mensaje * / 00:00:00:070 / Root(00) para top(01)
Mensaje * / 00:00:00:070 / top(01) para ten(04)
Mensaje Y / 00:00:00:070 / ten(04) / transitionout /      4.00000 para top(01)
Mensaje D / 00:00:00:070 / ten(04) / ... para top(01)
Mensaje X / 00:00:00:070 / top(01) / transitionin /      4.00000 para fifteen(05)
Mensaje X / 00:00:00:070 / top(01) / transitionin /      4.00000 para twenty(06)
Mensaje D / 00:00:00:070 / fifteen(05) / ... para top(01)
Mensaje D / 00:00:00:070 / twenty(06) / 00:00:00:000 para top(01)
Mensaje D / 00:00:00:070 / top(01) / 00:00:00:000 para Root(00)
Mensaje * / 00:00:00:070 / Root(00) para top(01)
Mensaje * / 00:00:00:070 / top(01) para twenty(06)
Mensaje Y / 00:00:00:070 / twenty(06) / stateout /     20.00000 para top(01)
Mensaje D / 00:00:00:070 / twenty(06) / ... para top(01)
Mensaje Y / 00:00:00:070 / top(01) / twenty /     20.00000 para Root(00)
Mensaje D / 00:00:00:070 / top(01) / ... para Root(00)
Mensaje X / 00:00:00:080 / Root(00) / in /      3.00000 para top(01)
Mensaje X / 00:00:00:080 / top(01) / eventin /      3.00000 para zero(02)
Mensaje X / 00:00:00:080 / top(01) / eventin /      3.00000 para five(03)
Mensaje X / 00:00:00:080 / top(01) / eventin /      3.00000 para ten(04)
Mensaje X / 00:00:00:080 / top(01) / eventin /      3.00000 para fifteen(05)
Mensaje X / 00:00:00:080 / top(01) / eventin /      3.00000 para twenty(06)
Mensaje D / 00:00:00:080 / zero(02) / ... para top(01)
Mensaje D / 00:00:00:080 / five(03) / ... para top(01)
Mensaje D / 00:00:00:080 / ten(04) / ... para top(01)
Mensaje D / 00:00:00:080 / fifteen(05) / ... para top(01)
Mensaje D / 00:00:00:080 / twenty(06) / 00:00:00:000 para top(01)
Mensaje D / 00:00:00:080 / top(01) / 00:00:00:000 para Root(00)
Mensaje * / 00:00:00:080 / Root(00) para top(01)
Mensaje * / 00:00:00:080 / top(01) para twenty(06)
Mensaje Y / 00:00:00:080 / twenty(06) / transitionout /      0.00000 para top(01)
Mensaje D / 00:00:00:080 / twenty(06) / ... para top(01)
Mensaje X / 00:00:00:080 / top(01) / transitionin /      0.00000 para zero(02)
Mensaje D / 00:00:00:080 / zero(02) / 00:00:00:000 para top(01)
Mensaje D / 00:00:00:080 / top(01) / 00:00:00:000 para Root(00)
Mensaje * / 00:00:00:080 / Root(00) para top(01)
Mensaje * / 00:00:00:080 / top(01) para zero(02)
Mensaje Y / 00:00:00:080 / zero(02) / stateout /      0.00000 para top(01)
Mensaje D / 00:00:00:080 / zero(02) / ... para top(01)
Mensaje Y / 00:00:00:080 / top(01) / zero /      0.00000 para Root(00)
Mensaje D / 00:00:00:080 / top(01) / ... para Root(00)
Mensaje X / 00:00:00:090 / Root(00) / in /      1.00000 para top(01)
Mensaje X / 00:00:00:090 / top(01) / eventin /      1.00000 para zero(02)
Mensaje X / 00:00:00:090 / top(01) / eventin /      1.00000 para five(03)
Mensaje X / 00:00:00:090 / top(01) / eventin /      1.00000 para ten(04)
Mensaje X / 00:00:00:090 / top(01) / eventin /      1.00000 para fifteen(05)
Mensaje X / 00:00:00:090 / top(01) / eventin /      1.00000 para twenty(06)
Mensaje D / 00:00:00:090 / zero(02) / 00:00:00:000 para top(01)
Mensaje D / 00:00:00:090 / five(03) / ... para top(01)
Mensaje D / 00:00:00:090 / ten(04) / ... para top(01)
Mensaje D / 00:00:00:090 / fifteen(05) / ... para top(01)
Mensaje D / 00:00:00:090 / twenty(06) / ... para top(01)
Mensaje D / 00:00:00:090 / top(01) / 00:00:00:000 para Root(00)
Mensaje * / 00:00:00:090 / Root(00) para top(01)
Mensaje * / 00:00:00:090 / top(01) para zero(02)
Mensaje Y / 00:00:00:090 / zero(02) / transitionout /      2.00000 para top(01)
Mensaje D / 00:00:00:090 / zero(02) / ... para top(01)
Mensaje X / 00:00:00:090 / top(01) / transitionin /      2.00000 para five(03)
Mensaje X / 00:00:00:090 / top(01) / transitionin /      2.00000 para ten(04)
Mensaje D / 00:00:00:090 / five(03) / ... para top(01)
Mensaje D / 00:00:00:090 / ten(04) / 00:00:00:000 para top(01)
Mensaje D / 00:00:00:090 / top(01) / 00:00:00:000 para Root(00)
Mensaje * / 00:00:00:090 / Root(00) para top(01)
Mensaje * / 00:00:00:090 / top(01) para ten(04)
Mensaje Y / 00:00:00:090 / ten(04) / stateout /     10.00000 para top(01)
Mensaje D / 00:00:00:090 / ten(04) / ... para top(01)
Mensaje Y / 00:00:00:090 / top(01) / ten /     10.00000 para Root(00)
Mensaje D / 00:00:00:090 / top(01) / ... para Root(00)
Mensaje X / 00:00:00:110 / Root(00) / in /      1.00000 para top(01)
Mensaje X / 00:00:00:110 / top(01) / eventin /      1.00000 para zero(02)
Mensaje X / 00:00:00:110 / top(01) / eventin /      1.00000 para five(03)
Mensaje X / 00:00:00:110 / top(01) / eventin /      1.00000 para ten(04)
Mensaje X / 00:00:00:110 / top(01) / eventin /      1.00000 para fifteen(05)
Mensaje X / 00:00:00:110 / top(01) / eventin /      1.00000 para twenty(06)
Mensaje D / 00:00:00:110 / zero(02) / ... para top(01)
Mensaje D / 00:00:00:110 / five(03) / ... para top(01)
Mensaje D / 00:00:00:110 / ten(04) / 00:00:00:000 para top(01)
Mensaje D / 00:00:00:110 / fifteen(05) / ... para top(01)
Mensaje D / 00:00:00:110 / twenty(06) / ... para top(01)
Mensaje D / 00:00:00:110 / top(01) / 00:00:00:000 para Root(00)
Mensaje * / 00:00:00:110 / Root(00) para top(01)
Mensaje * / 00:00:00:110 / top(01) para ten(04)
Mensaje Y / 00:00:00:110 / ten(04) / transitionout /      4.00000 para top(01)
Mensaje D / 00:00:00:110 / ten(04) / ... para top(01)
Mensaje X / 00:00:00:110 / top(01) / transitionin /      4.00000 para fifteen(05)
Mensaje X / 00:00:00:110 / top(01) / transitionin /      4.00000 para twenty(06)
Mensaje D / 00:00:00:110 / fifteen(05) / ... para top(01)
Mensaje D / 00:00:00:110 / twenty(06) / 00:00:00:000 para top(01)
Mensaje D / 00:00:00:110 / top(01) / 00:00:00:000 para Root(00)
Mensaje * / 00:00:00:110 / Root(00) para top(01)
Mensaje * / 00:00:00:110 / top(01) para twenty(06)
Mensaje Y / 00:00:00:110 / twenty(06) / stateout /     20.00000 para top(01)
Mensaje D / 00:00:00:110 / twenty(06) / ... para top(01)
Mensaje Y / 00:00:00:110 / top(01) / twenty /     20.00000 para Root(00)
Mensaje D / 00:00:00:110 / top(01) / ... para Root(00)
Mensaje X / 00:00:00:130 / Root(00) / in /      3.00000 para top(01)
Mensaje X / 00:00:00:130 / top(01) / eventin /      3.00000 para zero(02)
Mensaje X / 00:00:00:130 / top(01) / eventin /      3.00000 para five(03)
Mensaje X / 00:00:00:130 / top(01) / eventin /      3.00000 para ten(04)
Mensaje X / 00:00:00:130 / top(01) / eventin /      3.00000 para fifteen(05)
Mensaje X / 00:00:00:130 / top(01) / eventin /      3.00000 para twenty(06)
Mensaje D / 00:00:00:130 / zero(02) / ... para top(01)
Mensaje D / 00:00:00:130 / five(03) / ... para top(01)
Mensaje D / 00:00:00:130 / ten(04) / ... para top(01)
Mensaje D / 00:00:00:130 / fifteen(05) / ... para top(01)
Mensaje D / 00:00:00:130 / twenty(06) / 00:00:00:000 para top(01)
Mensaje D / 00:00:00:130 / top(01) / 00:00:00:000 para Root(00)
Mensaje * / 00:00:00:130 / Root(00) para top(01)
Mensaje * / 00:00:00:130 / top(01) para twenty(06)
Mensaje Y / 00:00:00:130 / twenty(06) / transitionout /      0.00000 para top(01)
Mensaje D / 00:00:00:130 / twenty(06) / ... para top(01)
Mensaje X / 00:00:00:130 / top(01) / transitionin /      0.00000 para zero(02)
Mensaje D / 00:00:00:130 / zero(02) / 00:00:00:000 para top(01)
Mensaje D / 00:00:00:130 / top(01) / 00:00:00:000 para Root(00)
Mensaje * / 00:00:00:130 / Root(00) para top(01)
Mensaje * / 00:00:00:130 / top(01) para zero(02)
Mensaje Y / 00:00:00:130 / zero(02) / stateout /      0.00000 para top(01)
Mensaje D / 00:00:00:130 / zero(02) / ... para top(01)
Mensaje Y / 00:00:00:130 / top(01) / zero /      0.00000 para Root(00)
Mensaje D / 00:00:00:130 / top(01) / ... para Root(00)
